2026-01-25 18:54:04,781 - INFO - ======================================================================
2026-01-25 18:54:04,781 - INFO - ADNI Feature Extraction with Segmentation
2026-01-25 18:54:04,781 - INFO - ======================================================================
2026-01-25 18:54:04,781 - INFO - Log file: logs/features_all_456.log
2026-01-25 18:54:04,781 - INFO - 
2026-01-25 18:54:04,781 - INFO - Loading metadata from data/subject_metadata.tsv...
2026-01-25 18:54:04,785 - INFO -    Found 456 subjects to process
2026-01-25 18:54:04,785 - INFO -    S3 enabled: True
2026-01-25 18:54:04,785 - INFO -    Segmentation enabled: True
2026-01-25 18:54:04,785 - INFO -    Segmentation method: simple
2026-01-25 18:54:04,785 - INFO - 
2026-01-25 18:54:04,786 - INFO - [1/456] Processing 002_S_0729...
2026-01-25 18:54:09,632 - ERROR -    Error: unsupported format string passed to NoneType.__format__
2026-01-25 18:54:09,632 - INFO - 
2026-01-25 18:54:09,632 - INFO - [2/456] Processing 002_S_0782...
2026-01-25 18:54:22,297 - ERROR -    Error: unsupported format string passed to NoneType.__format__
2026-01-25 18:54:22,297 - INFO - 
2026-01-25 18:54:22,297 - INFO - [3/456] Processing 002_S_1155...
2026-01-25 18:54:33,184 - ERROR -    Error: unsupported format string passed to NoneType.__format__
2026-01-25 18:54:33,184 - INFO - 
2026-01-25 18:54:33,184 - INFO - [4/456] Processing 002_S_1268...
2026-01-25 18:54:42,803 - ERROR -    Error: unsupported format string passed to NoneType.__format__
2026-01-25 18:54:42,803 - INFO - 
2026-01-25 18:54:42,803 - INFO - [5/456] Processing 002_S_2073...
2026-01-25 18:54:48,486 - ERROR -    Error: unsupported format string passed to NoneType.__format__
2026-01-25 18:54:48,486 - INFO - 
2026-01-25 18:54:48,486 - INFO - [6/456] Processing 002_S_4229...
2026-01-25 18:54:54,826 - ERROR -    Error: unsupported format string passed to NoneType.__format__
2026-01-25 18:54:54,826 - INFO - 
2026-01-25 18:54:54,826 - INFO - [7/456] Processing 002_S_4447...
2026-01-25 18:54:59,891 - ERROR -    Error: unsupported format string passed to NoneType.__format__
2026-01-25 18:54:59,891 - INFO - 
2026-01-25 18:54:59,891 - INFO - [8/456] Processing 002_S_4473...
2026-01-25 18:55:06,182 - ERROR -    Error: unsupported format string passed to NoneType.__format__
2026-01-25 18:55:06,183 - INFO - 
2026-01-25 18:55:06,183 - INFO - [9/456] Processing 002_S_4654...
2026-01-25 18:55:12,486 - ERROR -    Error: unsupported format string passed to NoneType.__format__
2026-01-25 18:55:12,486 - INFO - 
2026-01-25 18:55:12,486 - INFO - [10/456] Processing 002_S_4799...
2026-01-25 18:55:21,072 - ERROR -    Error: unsupported format string passed to NoneType.__format__
2026-01-25 18:55:21,073 - INFO - 
2026-01-25 18:55:21,073 - INFO - [11/456] Processing 003_S_0908...
2026-01-25 18:55:28,741 - ERROR -    Error: unsupported format string passed to NoneType.__format__
2026-01-25 18:55:28,741 - INFO - 
2026-01-25 18:55:28,741 - INFO - [12/456] Processing 003_S_1074...
2026-01-25 18:55:35,770 - ERROR -    Error: unsupported format string passed to NoneType.__format__
2026-01-25 18:55:35,770 - INFO - 
2026-01-25 18:55:35,770 - INFO - [13/456] Processing 003_S_1122...
2026-01-25 18:55:42,752 - ERROR -    Error: unsupported format string passed to NoneType.__format__
2026-01-25 18:55:42,753 - INFO - 
2026-01-25 18:55:42,753 - INFO - [14/456] Processing 003_S_2374...
2026-01-25 18:55:53,315 - ERROR -    Error: unsupported format string passed to NoneType.__format__
2026-01-25 18:55:53,315 - INFO - 
2026-01-25 18:55:53,315 - INFO - [15/456] Processing 003_S_4354...
2026-01-25 18:56:03,311 - ERROR -    Error: unsupported format string passed to NoneType.__format__
2026-01-25 18:56:03,312 - INFO - 
2026-01-25 18:56:03,312 - INFO - [16/456] Processing 005_S_0223...
2026-01-25 18:56:13,114 - ERROR -    Error: unsupported format string passed to NoneType.__format__
2026-01-25 18:56:13,114 - INFO - 
2026-01-25 18:56:13,114 - INFO - [17/456] Processing 005_S_0324...
2026-01-25 18:56:23,393 - ERROR -    Error: unsupported format string passed to NoneType.__format__
2026-01-25 18:56:23,394 - INFO - 
2026-01-25 18:56:23,394 - INFO - [18/456] Processing 005_S_0448...
2026-01-25 18:56:32,579 - ERROR -    Error: unsupported format string passed to NoneType.__format__
2026-01-25 18:56:32,579 - INFO - 
2026-01-25 18:56:32,579 - INFO - [19/456] Processing 005_S_0546...
2026-01-25 18:56:44,106 - ERROR -    Error: unsupported format string passed to NoneType.__format__
2026-01-25 18:56:44,106 - INFO - 
2026-01-25 18:56:44,106 - INFO - [20/456] Processing 005_S_0572...
2026-01-25 18:56:50,873 - ERROR -    Error: unsupported format string passed to NoneType.__format__
2026-01-25 18:56:50,874 - INFO - 
2026-01-25 18:56:50,874 - INFO - [21/456] Processing 005_S_0602...
2026-01-25 18:57:00,689 - ERROR -    Error: unsupported format string passed to NoneType.__format__
2026-01-25 18:57:00,690 - INFO - 
2026-01-25 18:57:00,690 - INFO - [22/456] Processing 005_S_1224...
2026-01-25 18:57:11,157 - ERROR -    Error: unsupported format string passed to NoneType.__format__
2026-01-25 18:57:11,157 - INFO - 
2026-01-25 18:57:11,157 - INFO - [23/456] Processing 005_S_2390...
2026-01-25 18:57:22,489 - ERROR -    Error: unsupported format string passed to NoneType.__format__
2026-01-25 18:57:22,489 - INFO - 
2026-01-25 18:57:22,489 - INFO - [24/456] Processing 005_S_4168...
2026-01-25 18:57:35,583 - ERROR -    Error: unsupported format string passed to NoneType.__format__
2026-01-25 18:57:35,585 - INFO - 
2026-01-25 18:57:35,585 - INFO - [25/456] Processing 005_S_4185...
2026-01-25 18:57:48,667 - ERROR -    Error: unsupported format string passed to NoneType.__format__
2026-01-25 18:57:48,667 - INFO - 
2026-01-25 18:57:48,667 - INFO - [26/456] Processing 007_S_0041...
2026-01-25 18:57:55,066 - ERROR -    Error: unsupported format string passed to NoneType.__format__
2026-01-25 18:57:55,068 - INFO - 
2026-01-25 18:57:55,068 - INFO - [27/456] Processing 007_S_0101...
2026-01-25 18:58:02,448 - ERROR -    Error: unsupported format string passed to NoneType.__format__
2026-01-25 18:58:02,449 - INFO - 
2026-01-25 18:58:02,449 - INFO - [28/456] Processing 007_S_0128...
2026-01-25 18:58:09,289 - ERROR -    Error: unsupported format string passed to NoneType.__format__
2026-01-25 18:58:09,289 - INFO - 
2026-01-25 18:58:09,289 - INFO - [29/456] Processing 007_S_0249...
2026-01-25 18:58:16,432 - ERROR -    Error: unsupported format string passed to NoneType.__format__
2026-01-25 18:58:16,433 - INFO - 
2026-01-25 18:58:16,433 - INFO - [30/456] Processing 007_S_0293...
2026-01-25 18:58:24,031 - ERROR -    Error: unsupported format string passed to NoneType.__format__
2026-01-25 18:58:24,031 - INFO - 
2026-01-25 18:58:24,031 - INFO - [31/456] Processing 007_S_0344...
2026-01-25 18:58:33,524 - ERROR -    Error: unsupported format string passed to NoneType.__format__
2026-01-25 18:58:33,524 - INFO - 
2026-01-25 18:58:33,524 - INFO - [32/456] Processing 007_S_0698...
2026-01-25 18:58:43,394 - ERROR -    Error: unsupported format string passed to NoneType.__format__
2026-01-25 18:58:43,395 - INFO - 
2026-01-25 18:58:43,395 - INFO - [33/456] Processing 007_S_2394...
2026-01-25 18:58:54,491 - ERROR -    Error: unsupported format string passed to NoneType.__format__
2026-01-25 18:58:54,491 - INFO - 
2026-01-25 18:58:54,491 - INFO - [34/456] Processing 007_S_4272...
2026-01-25 18:59:04,691 - ERROR -    Error: unsupported format string passed to NoneType.__format__
2026-01-25 18:59:04,692 - INFO - 
2026-01-25 18:59:04,693 - INFO - [35/456] Processing 007_S_4467...
2026-01-25 18:59:15,788 - ERROR -    Error: unsupported format string passed to NoneType.__format__
2026-01-25 18:59:15,788 - INFO - 
2026-01-25 18:59:15,788 - INFO - [36/456] Processing 007_S_4611...
2026-01-25 18:59:26,931 - ERROR -    Error: unsupported format string passed to NoneType.__format__
2026-01-25 18:59:26,932 - INFO - 
2026-01-25 18:59:26,932 - INFO - [37/456] Processing 009_S_1030...
2026-01-25 18:59:36,649 - ERROR -    Error: unsupported format string passed to NoneType.__format__
2026-01-25 18:59:36,649 - INFO - 
2026-01-25 18:59:36,649 - INFO - [38/456] Processing 009_S_2208...
2026-01-25 18:59:44,539 - ERROR -    Error: unsupported format string passed to NoneType.__format__
2026-01-25 18:59:44,539 - INFO - 
2026-01-25 18:59:44,539 - INFO - [39/456] Processing 009_S_4388...
2026-01-25 18:59:52,807 - ERROR -    Error: unsupported format string passed to NoneType.__format__
2026-01-25 18:59:52,808 - INFO - 
2026-01-25 18:59:52,808 - INFO - [40/456] Processing 009_S_5000...
2026-01-25 19:00:01,286 - ERROR -    Error: unsupported format string passed to NoneType.__format__
2026-01-25 19:00:01,286 - INFO - 
2026-01-25 19:00:01,286 - INFO - [41/456] Processing 011_S_0241...
2026-01-25 19:00:04,923 - ERROR -    Error: unsupported format string passed to NoneType.__format__
2026-01-25 19:00:04,923 - INFO - 
2026-01-25 19:00:04,923 - INFO - [42/456] Processing 011_S_0326...
2026-01-25 19:00:10,361 - ERROR -    Error: unsupported format string passed to NoneType.__format__
2026-01-25 19:00:10,362 - INFO - 
2026-01-25 19:00:10,362 - INFO - [43/456] Processing 011_S_0362...
2026-01-25 19:00:14,768 - ERROR -    Error: unsupported format string passed to NoneType.__format__
2026-01-25 19:00:14,768 - INFO - 
2026-01-25 19:00:14,768 - INFO - [44/456] Processing 011_S_0861...
2026-01-25 19:00:19,182 - ERROR -    Error: unsupported format string passed to NoneType.__format__
2026-01-25 19:00:19,183 - INFO - 
2026-01-25 19:00:19,183 - INFO - [45/456] Processing 011_S_1080...
2026-01-25 19:00:24,762 - ERROR -    Error: unsupported format string passed to NoneType.__format__
2026-01-25 19:00:24,762 - INFO - 
2026-01-25 19:00:24,762 - INFO - [46/456] Processing 011_S_1282...
2026-01-25 19:00:28,727 - ERROR -    Error: unsupported format string passed to NoneType.__format__
2026-01-25 19:00:28,727 - INFO - 
2026-01-25 19:00:28,727 - INFO - [47/456] Processing 011_S_2274...
2026-01-25 19:00:34,777 - ERROR -    Error: unsupported format string passed to NoneType.__format__
2026-01-25 19:00:34,777 - INFO - 
2026-01-25 19:00:34,777 - INFO - [48/456] Processing 011_S_4235...
2026-01-25 19:00:43,655 - ERROR -    Error: unsupported format string passed to NoneType.__format__
2026-01-25 19:00:43,656 - INFO - 
2026-01-25 19:00:43,656 - INFO - [49/456] Processing 011_S_4547...
2026-01-25 19:00:52,399 - ERROR -    Error: unsupported format string passed to NoneType.__format__
2026-01-25 19:00:52,399 - INFO - 
2026-01-25 19:00:52,399 - INFO - [50/456] Processing 011_S_4893...
2026-01-25 19:01:00,618 - ERROR -    Error: unsupported format string passed to NoneType.__format__
2026-01-25 19:01:00,624 - INFO - 
   Saved intermediate results to features_all_456_temp_50.csv

2026-01-25 19:01:00,624 - INFO - 
2026-01-25 19:01:00,624 - INFO - [51/456] Processing 012_S_4012...
2026-01-25 19:01:06,800 - ERROR -    Error: unsupported format string passed to NoneType.__format__
2026-01-25 19:01:06,801 - INFO - 
2026-01-25 19:01:06,801 - INFO - [52/456] Processing 012_S_4128...
2026-01-25 19:01:13,714 - ERROR -    Error: unsupported format string passed to NoneType.__format__
2026-01-25 19:01:13,714 - INFO - 
2026-01-25 19:01:13,714 - INFO - [53/456] Processing 013_S_4395...
2026-01-25 19:01:20,729 - ERROR -    Error: unsupported format string passed to NoneType.__format__
2026-01-25 19:01:20,730 - INFO - 
2026-01-25 19:01:20,730 - INFO - [54/456] Processing 014_S_0169...
2026-01-25 19:01:30,501 - ERROR -    Error: unsupported format string passed to NoneType.__format__
2026-01-25 19:01:30,502 - INFO - 
2026-01-25 19:01:30,502 - INFO - [55/456] Processing 014_S_0557...
2026-01-25 19:01:40,306 - ERROR -    Error: unsupported format string passed to NoneType.__format__
2026-01-25 19:01:40,307 - INFO - 
2026-01-25 19:01:40,307 - INFO - [56/456] Processing 014_S_0563...
2026-01-25 19:01:49,500 - ERROR -    Error: unsupported format string passed to NoneType.__format__
2026-01-25 19:01:49,500 - INFO - 
2026-01-25 19:01:49,500 - INFO - [57/456] Processing 014_S_0658...
2026-01-25 19:01:56,192 - ERROR -    Error: unsupported format string passed to NoneType.__format__
2026-01-25 19:01:56,194 - INFO - 
2026-01-25 19:01:56,194 - INFO - [58/456] Processing 014_S_2185...
2026-01-25 19:02:04,705 - ERROR -    Error: unsupported format string passed to NoneType.__format__
2026-01-25 19:02:04,705 - INFO - 
2026-01-25 19:02:04,705 - INFO - [59/456] Processing 014_S_2308...
2026-01-25 19:02:13,005 - ERROR -    Error: unsupported format string passed to NoneType.__format__
2026-01-25 19:02:13,006 - INFO - 
2026-01-25 19:02:13,006 - INFO - [60/456] Processing 016_S_0702...
2026-01-25 19:02:18,993 - ERROR -    Error: unsupported format string passed to NoneType.__format__
2026-01-25 19:02:18,993 - INFO - 
2026-01-25 19:02:18,993 - INFO - [61/456] Processing 016_S_1121...
2026-01-25 19:02:25,067 - ERROR -    Error: unsupported format string passed to NoneType.__format__
2026-01-25 19:02:25,068 - INFO - 
2026-01-25 19:02:25,068 - INFO - [62/456] Processing 016_S_1138...
2026-01-25 19:02:30,847 - ERROR -    Error: unsupported format string passed to NoneType.__format__
2026-01-25 19:02:30,847 - INFO - 
2026-01-25 19:02:30,847 - INFO - [63/456] Processing 016_S_1326...
2026-01-25 19:02:36,160 - ERROR -    Error: unsupported format string passed to NoneType.__format__
2026-01-25 19:02:36,162 - INFO - 
2026-01-25 19:02:36,162 - INFO - [64/456] Processing 016_S_2031...
2026-01-25 19:02:47,565 - ERROR -    Error: unsupported format string passed to NoneType.__format__
2026-01-25 19:02:47,566 - INFO - 
2026-01-25 19:02:47,566 - INFO - [65/456] Processing 018_S_0142...
2026-01-25 19:02:51,210 - ERROR -    Error: unsupported format string passed to NoneType.__format__
2026-01-25 19:02:51,210 - INFO - 
2026-01-25 19:02:51,210 - INFO - [66/456] Processing 018_S_0450...
2026-01-25 19:02:55,006 - ERROR -    Error: unsupported format string passed to NoneType.__format__
2026-01-25 19:02:55,006 - INFO - 
2026-01-25 19:02:55,006 - INFO - [67/456] Processing 018_S_2133...
2026-01-25 19:03:01,358 - ERROR -    Error: unsupported format string passed to NoneType.__format__
2026-01-25 19:03:01,359 - INFO - 
2026-01-25 19:03:01,359 - INFO - [68/456] Processing 018_S_2155...
2026-01-25 19:03:07,362 - ERROR -    Error: unsupported format string passed to NoneType.__format__
2026-01-25 19:03:07,363 - INFO - 
2026-01-25 19:03:07,363 - INFO - [69/456] Processing 018_S_2180...
2026-01-25 19:03:14,301 - ERROR -    Error: unsupported format string passed to NoneType.__format__
2026-01-25 19:03:14,301 - INFO - 
2026-01-25 19:03:14,301 - INFO - [70/456] Processing 018_S_4400...
2026-01-25 19:03:20,800 - ERROR -    Error: unsupported format string passed to NoneType.__format__
2026-01-25 19:03:20,800 - INFO - 
2026-01-25 19:03:20,800 - INFO - [71/456] Processing 018_S_4809...
2026-01-25 19:03:27,839 - ERROR -    Error: unsupported format string passed to NoneType.__format__
2026-01-25 19:03:27,839 - INFO - 
2026-01-25 19:03:27,839 - INFO - [72/456] Processing 018_S_4868...
2026-01-25 19:03:35,044 - ERROR -    Error: unsupported format string passed to NoneType.__format__
2026-01-25 19:03:35,044 - INFO - 
2026-01-25 19:03:35,044 - INFO - [73/456] Processing 018_S_4889...
2026-01-25 19:03:41,838 - ERROR -    Error: unsupported format string passed to NoneType.__format__
2026-01-25 19:03:41,839 - INFO - 
2026-01-25 19:03:41,839 - INFO - [74/456] Processing 019_S_4293...
2026-01-25 19:03:46,414 - ERROR -    Error: unsupported format string passed to NoneType.__format__
2026-01-25 19:03:46,415 - INFO - 
2026-01-25 19:03:46,415 - INFO - [75/456] Processing 019_S_4548...
2026-01-25 19:03:53,204 - ERROR -    Error: unsupported format string passed to NoneType.__format__
2026-01-25 19:03:53,204 - INFO - 
2026-01-25 19:03:53,204 - INFO - [76/456] Processing 019_S_6315...
2026-01-25 19:03:59,982 - ERROR -    Error: unsupported format string passed to NoneType.__format__
2026-01-25 19:03:59,983 - INFO - 
2026-01-25 19:03:59,983 - INFO - [77/456] Processing 019_S_6483...
2026-01-25 19:04:07,359 - ERROR -    Error: unsupported format string passed to NoneType.__format__
2026-01-25 19:04:07,359 - INFO - 
2026-01-25 19:04:07,359 - INFO - [78/456] Processing 019_S_6635...
2026-01-25 19:04:13,445 - ERROR -    Error: unsupported format string passed to NoneType.__format__
2026-01-25 19:04:13,445 - INFO - 
2026-01-25 19:04:13,445 - INFO - [79/456] Processing 019_S_6757...
2026-01-25 19:04:20,371 - ERROR -    Error: unsupported format string passed to NoneType.__format__
2026-01-25 19:04:20,372 - INFO - 
2026-01-25 19:04:20,372 - INFO - [80/456] Processing 019_S_7016...
2026-01-25 19:04:27,929 - ERROR -    Error: unsupported format string passed to NoneType.__format__
2026-01-25 19:04:27,929 - INFO - 
2026-01-25 19:04:27,929 - INFO - [81/456] Processing 021_S_0141...
2026-01-25 19:04:34,403 - ERROR -    Error: unsupported format string passed to NoneType.__format__
2026-01-25 19:04:34,404 - INFO - 
2026-01-25 19:04:34,404 - INFO - [82/456] Processing 021_S_0178...
2026-01-25 19:04:43,825 - ERROR -    Error: unsupported format string passed to NoneType.__format__
2026-01-25 19:04:43,826 - INFO - 
2026-01-25 19:04:43,826 - INFO - [83/456] Processing 021_S_0273...
2026-01-25 19:04:58,254 - ERROR -    Error: unsupported format string passed to NoneType.__format__
2026-01-25 19:04:58,254 - INFO - 
2026-01-25 19:04:58,254 - INFO - [84/456] Processing 021_S_0276...
2026-01-25 19:05:08,719 - ERROR -    Error: unsupported format string passed to NoneType.__format__
2026-01-25 19:05:08,719 - INFO - 
2026-01-25 19:05:08,719 - INFO - [85/456] Processing 021_S_0424...
2026-01-25 19:05:19,278 - ERROR -    Error: unsupported format string passed to NoneType.__format__
2026-01-25 19:05:19,278 - INFO - 
2026-01-25 19:05:19,278 - INFO - [86/456] Processing 021_S_0626...
2026-01-25 19:05:29,034 - ERROR -    Error: unsupported format string passed to NoneType.__format__
2026-01-25 19:05:29,034 - INFO - 
2026-01-25 19:05:29,034 - INFO - [87/456] Processing 021_S_2077...
2026-01-25 19:05:41,879 - ERROR -    Error: unsupported format string passed to NoneType.__format__
2026-01-25 19:05:41,879 - INFO - 
2026-01-25 19:05:41,879 - INFO - [88/456] Processing 021_S_2100...
2026-01-25 19:05:56,362 - ERROR -    Error: unsupported format string passed to NoneType.__format__
2026-01-25 19:05:56,362 - INFO - 
2026-01-25 19:05:56,362 - INFO - [89/456] Processing 021_S_2124...
2026-01-25 19:06:09,970 - ERROR -    Error: unsupported format string passed to NoneType.__format__
2026-01-25 19:06:09,970 - INFO - 
2026-01-25 19:06:09,970 - INFO - [90/456] Processing 021_S_2125...
2026-01-25 19:06:22,916 - ERROR -    Error: unsupported format string passed to NoneType.__format__
2026-01-25 19:06:22,916 - INFO - 
2026-01-25 19:06:22,916 - INFO - [91/456] Processing 021_S_2142...
2026-01-25 19:06:33,439 - ERROR -    Error: unsupported format string passed to NoneType.__format__
2026-01-25 19:06:33,440 - INFO - 
2026-01-25 19:06:33,440 - INFO - [92/456] Processing 021_S_2150...
2026-01-25 19:06:43,721 - ERROR -    Error: unsupported format string passed to NoneType.__format__
2026-01-25 19:06:43,722 - INFO - 
2026-01-25 19:06:43,722 - INFO - [93/456] Processing 021_S_4245...
2026-01-25 19:06:56,374 - ERROR -    Error: unsupported format string passed to NoneType.__format__
2026-01-25 19:06:56,376 - INFO - 
2026-01-25 19:06:56,376 - INFO - [94/456] Processing 021_S_4744...
2026-01-25 19:07:06,868 - ERROR -    Error: unsupported format string passed to NoneType.__format__
2026-01-25 19:07:06,869 - INFO - 
2026-01-25 19:07:06,869 - INFO - [95/456] Processing 021_S_5237...
2026-01-25 19:07:17,435 - ERROR -    Error: unsupported format string passed to NoneType.__format__
2026-01-25 19:07:17,437 - INFO - 
2026-01-25 19:07:17,437 - INFO - [96/456] Processing 022_S_0004...
2026-01-25 19:07:22,984 - ERROR -    Error: unsupported format string passed to NoneType.__format__
2026-01-25 19:07:22,984 - INFO - 
2026-01-25 19:07:22,984 - INFO - [97/456] Processing 022_S_0961...
2026-01-25 19:07:29,137 - ERROR -    Error: unsupported format string passed to NoneType.__format__
2026-01-25 19:07:29,137 - INFO - 
2026-01-25 19:07:29,137 - INFO - [98/456] Processing 022_S_1097...
2026-01-25 19:07:35,092 - ERROR -    Error: unsupported format string passed to NoneType.__format__
2026-01-25 19:07:35,093 - INFO - 
2026-01-25 19:07:35,093 - INFO - [99/456] Processing 022_S_1351...
2026-01-25 19:07:41,987 - ERROR -    Error: unsupported format string passed to NoneType.__format__
2026-01-25 19:07:41,987 - INFO - 
2026-01-25 19:07:41,987 - INFO - [100/456] Processing 022_S_2167...
2026-01-25 19:07:51,350 - ERROR -    Error: unsupported format string passed to NoneType.__format__
2026-01-25 19:07:51,356 - INFO - 
   Saved intermediate results to features_all_456_temp_100.csv

2026-01-25 19:07:51,356 - INFO - 
2026-01-25 19:07:51,356 - INFO - [101/456] Processing 022_S_2379...
2026-01-25 19:08:02,091 - ERROR -    Error: unsupported format string passed to NoneType.__format__
2026-01-25 19:08:02,093 - INFO - 
2026-01-25 19:08:02,093 - INFO - [102/456] Processing 022_S_4444...
2026-01-25 19:08:11,436 - ERROR -    Error: unsupported format string passed to NoneType.__format__
2026-01-25 19:08:11,436 - INFO - 
2026-01-25 19:08:11,436 - INFO - [103/456] Processing 023_S_0030...
2026-01-25 19:08:15,486 - ERROR -    Error: unsupported format string passed to NoneType.__format__
2026-01-25 19:08:15,487 - INFO - 
2026-01-25 19:08:15,487 - INFO - [104/456] Processing 023_S_0042...
2026-01-25 19:08:19,256 - ERROR -    Error: unsupported format string passed to NoneType.__format__
2026-01-25 19:08:19,257 - INFO - 
2026-01-25 19:08:19,257 - INFO - [105/456] Processing 023_S_0126...
2026-01-25 19:08:24,070 - ERROR -    Error: unsupported format string passed to NoneType.__format__
2026-01-25 19:08:24,071 - INFO - 
2026-01-25 19:08:24,071 - INFO - [106/456] Processing 023_S_0217...
2026-01-25 19:08:28,373 - ERROR -    Error: unsupported format string passed to NoneType.__format__
2026-01-25 19:08:28,373 - INFO - 
2026-01-25 19:08:28,373 - INFO - [107/456] Processing 023_S_0331...
2026-01-25 19:08:33,978 - ERROR -    Error: unsupported format string passed to NoneType.__format__
2026-01-25 19:08:33,978 - INFO - 
2026-01-25 19:08:33,978 - INFO - [108/456] Processing 023_S_0376...
2026-01-25 19:08:40,127 - ERROR -    Error: unsupported format string passed to NoneType.__format__
2026-01-25 19:08:40,127 - INFO - 
2026-01-25 19:08:40,128 - INFO - [109/456] Processing 023_S_0388...
2026-01-25 19:08:44,668 - ERROR -    Error: unsupported format string passed to NoneType.__format__
2026-01-25 19:08:44,668 - INFO - 
2026-01-25 19:08:44,669 - INFO - [110/456] Processing 023_S_0604...
2026-01-25 19:08:49,819 - ERROR -    Error: unsupported format string passed to NoneType.__format__
2026-01-25 19:08:49,819 - INFO - 
2026-01-25 19:08:49,819 - INFO - [111/456] Processing 023_S_0625...
2026-01-25 19:08:54,038 - ERROR -    Error: unsupported format string passed to NoneType.__format__
2026-01-25 19:08:54,039 - INFO - 
2026-01-25 19:08:54,039 - INFO - [112/456] Processing 023_S_0887...
2026-01-25 19:08:58,091 - ERROR -    Error: unsupported format string passed to NoneType.__format__
2026-01-25 19:08:58,091 - INFO - 
2026-01-25 19:08:58,092 - INFO - [113/456] Processing 023_S_1046...
2026-01-25 19:09:06,437 - ERROR -    Error: unsupported format string passed to NoneType.__format__
2026-01-25 19:09:06,438 - INFO - 
2026-01-25 19:09:06,438 - INFO - [114/456] Processing 023_S_2068...
2026-01-25 19:09:16,761 - ERROR -    Error: unsupported format string passed to NoneType.__format__
2026-01-25 19:09:16,762 - INFO - 
2026-01-25 19:09:16,762 - INFO - [115/456] Processing 023_S_4115...
2026-01-25 19:09:25,703 - ERROR -    Error: unsupported format string passed to NoneType.__format__
2026-01-25 19:09:25,703 - INFO - 
2026-01-25 19:09:25,703 - INFO - [116/456] Processing 023_S_4122...
2026-01-25 19:09:33,858 - ERROR -    Error: unsupported format string passed to NoneType.__format__
2026-01-25 19:09:33,860 - INFO - 
2026-01-25 19:09:33,860 - INFO - [117/456] Processing 024_S_1393...
2026-01-25 19:09:42,124 - ERROR -    Error: unsupported format string passed to NoneType.__format__
2026-01-25 19:09:42,124 - INFO - 
2026-01-25 19:09:42,124 - INFO - [118/456] Processing 024_S_2239...
2026-01-25 19:09:50,885 - ERROR -    Error: unsupported format string passed to NoneType.__format__
2026-01-25 19:09:50,885 - INFO - 
2026-01-25 19:09:50,885 - INFO - [119/456] Processing 024_S_4169...
2026-01-25 19:09:59,162 - ERROR -    Error: unsupported format string passed to NoneType.__format__
2026-01-25 19:09:59,164 - INFO - 
2026-01-25 19:09:59,164 - INFO - [120/456] Processing 024_S_4674...
2026-01-25 19:10:07,279 - ERROR -    Error: unsupported format string passed to NoneType.__format__
2026-01-25 19:10:07,279 - INFO - 
2026-01-25 19:10:07,279 - INFO - [121/456] Processing 027_S_0116...
2026-01-25 19:10:16,654 - ERROR -    Error: unsupported format string passed to NoneType.__format__
2026-01-25 19:10:16,655 - INFO - 
2026-01-25 19:10:16,656 - INFO - [122/456] Processing 027_S_0179...
2026-01-25 19:10:25,405 - ERROR -    Error: unsupported format string passed to NoneType.__format__
2026-01-25 19:10:25,405 - INFO - 
2026-01-25 19:10:25,405 - INFO - [123/456] Processing 027_S_0256...
2026-01-25 19:10:32,446 - ERROR -    Error: unsupported format string passed to NoneType.__format__
2026-01-25 19:10:32,446 - INFO - 
2026-01-25 19:10:32,446 - INFO - [124/456] Processing 027_S_0307...
2026-01-25 19:10:41,771 - ERROR -    Error: unsupported format string passed to NoneType.__format__
2026-01-25 19:10:41,772 - INFO - 
2026-01-25 19:10:41,772 - INFO - [125/456] Processing 027_S_0408...
2026-01-25 19:10:51,393 - ERROR -    Error: unsupported format string passed to NoneType.__format__
2026-01-25 19:10:51,393 - INFO - 
2026-01-25 19:10:51,393 - INFO - [126/456] Processing 027_S_0644...
2026-01-25 19:11:01,054 - ERROR -    Error: unsupported format string passed to NoneType.__format__
2026-01-25 19:11:01,055 - INFO - 
2026-01-25 19:11:01,055 - INFO - [127/456] Processing 027_S_0835...
2026-01-25 19:11:07,706 - ERROR -    Error: unsupported format string passed to NoneType.__format__
2026-01-25 19:11:07,706 - INFO - 
2026-01-25 19:11:07,706 - INFO - [128/456] Processing 027_S_1045...
2026-01-25 19:11:17,859 - ERROR -    Error: unsupported format string passed to NoneType.__format__
2026-01-25 19:11:17,861 - INFO - 
2026-01-25 19:11:17,861 - INFO - [129/456] Processing 027_S_1387...
2026-01-25 19:11:26,493 - ERROR -    Error: unsupported format string passed to NoneType.__format__
2026-01-25 19:11:26,493 - INFO - 
2026-01-25 19:11:26,493 - INFO - [130/456] Processing 027_S_2183...
2026-01-25 19:11:38,172 - ERROR -    Error: unsupported format string passed to NoneType.__format__
2026-01-25 19:11:38,174 - INFO - 
2026-01-25 19:11:38,174 - INFO - [131/456] Processing 027_S_2219...
2026-01-25 19:11:51,032 - ERROR -    Error: unsupported format string passed to NoneType.__format__
2026-01-25 19:11:51,032 - INFO - 
2026-01-25 19:11:51,032 - INFO - [132/456] Processing 027_S_2245...
2026-01-25 19:12:01,862 - ERROR -    Error: unsupported format string passed to NoneType.__format__
2026-01-25 19:12:01,863 - INFO - 
2026-01-25 19:12:01,863 - INFO - [133/456] Processing 027_S_2336...
2026-01-25 19:12:13,630 - ERROR -    Error: unsupported format string passed to NoneType.__format__
2026-01-25 19:12:13,630 - INFO - 
2026-01-25 19:12:13,630 - INFO - [134/456] Processing 027_S_4804...
2026-01-25 19:12:26,774 - ERROR -    Error: unsupported format string passed to NoneType.__format__
2026-01-25 19:12:26,775 - INFO - 
2026-01-25 19:12:26,775 - INFO - [135/456] Processing 027_S_4869...
2026-01-25 19:12:38,553 - ERROR -    Error: unsupported format string passed to NoneType.__format__
2026-01-25 19:12:38,553 - INFO - 
2026-01-25 19:12:38,553 - INFO - [136/456] Processing 027_S_4873...
2026-01-25 19:12:52,121 - ERROR -    Error: unsupported format string passed to NoneType.__format__
2026-01-25 19:12:52,121 - INFO - 
2026-01-25 19:12:52,121 - INFO - [137/456] Processing 027_S_4919...
2026-01-25 19:13:03,034 - ERROR -    Error: unsupported format string passed to NoneType.__format__
2026-01-25 19:13:03,035 - INFO - 
2026-01-25 19:13:03,035 - INFO - [138/456] Processing 027_S_4926...
2026-01-25 19:13:15,562 - ERROR -    Error: unsupported format string passed to NoneType.__format__
2026-01-25 19:13:15,563 - INFO - 
2026-01-25 19:13:15,563 - INFO - [139/456] Processing 027_S_4966...
2026-01-25 19:13:30,077 - ERROR -    Error: unsupported format string passed to NoneType.__format__
2026-01-25 19:13:30,078 - INFO - 
2026-01-25 19:13:30,078 - INFO - [140/456] Processing 029_S_0843...
2026-01-25 19:13:39,163 - ERROR -    Error: unsupported format string passed to NoneType.__format__
2026-01-25 19:13:39,163 - INFO - 
2026-01-25 19:13:39,163 - INFO - [141/456] Processing 029_S_0878...
2026-01-25 19:13:46,854 - ERROR -    Error: unsupported format string passed to NoneType.__format__
2026-01-25 19:13:46,856 - INFO - 
2026-01-25 19:13:46,856 - INFO - [142/456] Processing 029_S_0914...
2026-01-25 19:13:58,814 - ERROR -    Error: unsupported format string passed to NoneType.__format__
2026-01-25 19:13:58,814 - INFO - 
2026-01-25 19:13:58,814 - INFO - [143/456] Processing 029_S_1073...
2026-01-25 19:14:09,172 - ERROR -    Error: unsupported format string passed to NoneType.__format__
2026-01-25 19:14:09,173 - INFO - 
2026-01-25 19:14:09,173 - INFO - [144/456] Processing 029_S_1218...
2026-01-25 19:14:20,714 - ERROR -    Error: unsupported format string passed to NoneType.__format__
2026-01-25 19:14:20,714 - INFO - 
2026-01-25 19:14:20,714 - INFO - [145/456] Processing 029_S_1318...
2026-01-25 19:14:29,385 - ERROR -    Error: unsupported format string passed to NoneType.__format__
2026-01-25 19:14:29,385 - INFO - 
2026-01-25 19:14:29,385 - INFO - [146/456] Processing 029_S_1384...
2026-01-25 19:14:40,141 - ERROR -    Error: unsupported format string passed to NoneType.__format__
2026-01-25 19:14:40,141 - INFO - 
2026-01-25 19:14:40,141 - INFO - [147/456] Processing 029_S_5219...
2026-01-25 19:14:50,836 - ERROR -    Error: unsupported format string passed to NoneType.__format__
2026-01-25 19:14:50,837 - INFO - 
2026-01-25 19:14:50,837 - INFO - [148/456] Processing 031_S_0294...
2026-01-25 19:14:57,066 - ERROR -    Error: unsupported format string passed to NoneType.__format__
2026-01-25 19:14:57,066 - INFO - 
2026-01-25 19:14:57,066 - INFO - [149/456] Processing 031_S_0351...
2026-01-25 19:15:04,428 - ERROR -    Error: unsupported format string passed to NoneType.__format__
2026-01-25 19:15:04,428 - INFO - 
2026-01-25 19:15:04,428 - INFO - [150/456] Processing 031_S_0830...
2026-01-25 19:15:11,662 - ERROR -    Error: unsupported format string passed to NoneType.__format__
2026-01-25 19:15:11,670 - INFO - 
   Saved intermediate results to features_all_456_temp_150.csv

2026-01-25 19:15:11,670 - INFO - 
2026-01-25 19:15:11,670 - INFO - [151/456] Processing 031_S_0867...
2026-01-25 19:15:20,365 - ERROR -    Error: unsupported format string passed to NoneType.__format__
2026-01-25 19:15:20,365 - INFO - 
2026-01-25 19:15:20,365 - INFO - [152/456] Processing 031_S_1066...
2026-01-25 19:15:25,035 - ERROR -    Error: unsupported format string passed to NoneType.__format__
2026-01-25 19:15:25,035 - INFO - 
2026-01-25 19:15:25,035 - INFO - [153/456] Processing 032_S_0718...
2026-01-25 19:15:28,866 - ERROR -    Error: unsupported format string passed to NoneType.__format__
2026-01-25 19:15:28,866 - INFO - 
2026-01-25 19:15:28,866 - INFO - [154/456] Processing 032_S_2119...
2026-01-25 19:15:37,848 - ERROR -    Error: unsupported format string passed to NoneType.__format__
2026-01-25 19:15:37,848 - INFO - 
2026-01-25 19:15:37,848 - INFO - [155/456] Processing 033_S_0513...
2026-01-25 19:15:49,012 - ERROR -    Error: unsupported format string passed to NoneType.__format__
2026-01-25 19:15:49,013 - INFO - 
2026-01-25 19:15:49,013 - INFO - [156/456] Processing 033_S_0514...
2026-01-25 19:15:58,841 - ERROR -    Error: unsupported format string passed to NoneType.__format__
2026-01-25 19:15:58,841 - INFO - 
2026-01-25 19:15:58,841 - INFO - [157/456] Processing 033_S_0567...
2026-01-25 19:16:08,693 - ERROR -    Error: unsupported format string passed to NoneType.__format__
2026-01-25 19:16:08,694 - INFO - 
2026-01-25 19:16:08,694 - INFO - [158/456] Processing 033_S_0723...
2026-01-25 19:16:18,902 - ERROR -    Error: unsupported format string passed to NoneType.__format__
2026-01-25 19:16:18,902 - INFO - 
2026-01-25 19:16:18,902 - INFO - [159/456] Processing 033_S_0906...
2026-01-25 19:16:25,323 - ERROR -    Error: unsupported format string passed to NoneType.__format__
2026-01-25 19:16:25,323 - INFO - 
2026-01-25 19:16:25,323 - INFO - [160/456] Processing 033_S_0922...
2026-01-25 19:16:31,696 - ERROR -    Error: unsupported format string passed to NoneType.__format__
2026-01-25 19:16:31,696 - INFO - 
2026-01-25 19:16:31,696 - INFO - [161/456] Processing 033_S_1116...
2026-01-25 19:16:41,107 - ERROR -    Error: unsupported format string passed to NoneType.__format__
2026-01-25 19:16:41,108 - INFO - 
2026-01-25 19:16:41,108 - INFO - [162/456] Processing 033_S_1284...
2026-01-25 19:16:49,793 - ERROR -    Error: unsupported format string passed to NoneType.__format__
2026-01-25 19:16:49,793 - INFO - 
2026-01-25 19:16:49,793 - INFO - [163/456] Processing 033_S_6889...
2026-01-25 19:16:58,448 - ERROR -    Error: unsupported format string passed to NoneType.__format__
2026-01-25 19:16:58,449 - INFO - 
2026-01-25 19:16:58,450 - INFO - [164/456] Processing 033_S_6969...
2026-01-25 19:17:06,931 - ERROR -    Error: unsupported format string passed to NoneType.__format__
2026-01-25 19:17:06,932 - INFO - 
2026-01-25 19:17:06,932 - INFO - [165/456] Processing 035_S_0033...
2026-01-25 19:17:12,973 - ERROR -    Error: unsupported format string passed to NoneType.__format__
2026-01-25 19:17:12,973 - INFO - 
2026-01-25 19:17:12,973 - INFO - [166/456] Processing 035_S_0204...
2026-01-25 19:17:17,380 - ERROR -    Error: unsupported format string passed to NoneType.__format__
2026-01-25 19:17:17,380 - INFO - 
2026-01-25 19:17:17,380 - INFO - [167/456] Processing 035_S_0292...
2026-01-25 19:17:24,620 - ERROR -    Error: unsupported format string passed to NoneType.__format__
2026-01-25 19:17:24,621 - INFO - 
2026-01-25 19:17:24,621 - INFO - [168/456] Processing 035_S_0997...
2026-01-25 19:17:29,544 - ERROR -    Error: unsupported format string passed to NoneType.__format__
2026-01-25 19:17:29,544 - INFO - 
2026-01-25 19:17:29,544 - INFO - [169/456] Processing 035_S_2061...
2026-01-25 19:17:37,885 - ERROR -    Error: unsupported format string passed to NoneType.__format__
2026-01-25 19:17:37,885 - INFO - 
2026-01-25 19:17:37,886 - INFO - [170/456] Processing 035_S_2074...
2026-01-25 19:17:46,788 - ERROR -    Error: unsupported format string passed to NoneType.__format__
2026-01-25 19:17:46,789 - INFO - 
2026-01-25 19:17:46,789 - INFO - [171/456] Processing 035_S_4582...
2026-01-25 19:17:56,089 - ERROR -    Error: unsupported format string passed to NoneType.__format__
2026-01-25 19:17:56,089 - INFO - 
2026-01-25 19:17:56,089 - INFO - [172/456] Processing 035_S_4785...
2026-01-25 19:18:05,255 - ERROR -    Error: unsupported format string passed to NoneType.__format__
2026-01-25 19:18:05,256 - INFO - 
2026-01-25 19:18:05,256 - INFO - [173/456] Processing 035_S_6480...
2026-01-25 19:18:15,157 - ERROR -    Error: unsupported format string passed to NoneType.__format__
2026-01-25 19:18:15,157 - INFO - 
2026-01-25 19:18:15,157 - INFO - [174/456] Processing 035_S_6947...
2026-01-25 19:18:24,108 - ERROR -    Error: unsupported format string passed to NoneType.__format__
2026-01-25 19:18:24,109 - INFO - 
2026-01-25 19:18:24,109 - INFO - [175/456] Processing 035_S_7073...
2026-01-25 19:18:34,221 - ERROR -    Error: unsupported format string passed to NoneType.__format__
2026-01-25 19:18:34,221 - INFO - 
2026-01-25 19:18:34,222 - INFO - [176/456] Processing 036_S_0656...
2026-01-25 19:18:40,990 - ERROR -    Error: unsupported format string passed to NoneType.__format__
2026-01-25 19:18:40,990 - INFO - 
2026-01-25 19:18:40,990 - INFO - [177/456] Processing 036_S_0673...
2026-01-25 19:18:47,891 - ERROR -    Error: unsupported format string passed to NoneType.__format__
2026-01-25 19:18:47,891 - INFO - 
2026-01-25 19:18:47,891 - INFO - [178/456] Processing 036_S_0869...
2026-01-25 19:18:52,467 - ERROR -    Error: unsupported format string passed to NoneType.__format__
2026-01-25 19:18:52,467 - INFO - 
2026-01-25 19:18:52,468 - INFO - [179/456] Processing 036_S_0945...
2026-01-25 19:18:58,343 - ERROR -    Error: unsupported format string passed to NoneType.__format__
2026-01-25 19:18:58,344 - INFO - 
2026-01-25 19:18:58,344 - INFO - [180/456] Processing 036_S_0976...
2026-01-25 19:19:04,436 - ERROR -    Error: unsupported format string passed to NoneType.__format__
2026-01-25 19:19:04,437 - INFO - 
2026-01-25 19:19:04,437 - INFO - [181/456] Processing 036_S_2378...
2026-01-25 19:19:12,494 - ERROR -    Error: unsupported format string passed to NoneType.__format__
2026-01-25 19:19:12,495 - INFO - 
2026-01-25 19:19:12,495 - INFO - [182/456] Processing 036_S_2380...
2026-01-25 19:19:21,668 - ERROR -    Error: unsupported format string passed to NoneType.__format__
2026-01-25 19:19:21,668 - INFO - 
2026-01-25 19:19:21,668 - INFO - [183/456] Processing 036_S_4538...
2026-01-25 19:19:29,761 - ERROR -    Error: unsupported format string passed to NoneType.__format__
2026-01-25 19:19:29,763 - INFO - 
2026-01-25 19:19:29,763 - INFO - [184/456] Processing 036_S_4714...
2026-01-25 19:19:38,395 - ERROR -    Error: unsupported format string passed to NoneType.__format__
2026-01-25 19:19:38,395 - INFO - 
2026-01-25 19:19:38,395 - INFO - [185/456] Processing 036_S_4736...
2026-01-25 19:19:48,553 - ERROR -    Error: unsupported format string passed to NoneType.__format__
2026-01-25 19:19:48,553 - INFO - 
2026-01-25 19:19:48,553 - INFO - [186/456] Processing 037_S_0150...
2026-01-25 19:20:00,062 - ERROR -    Error: unsupported format string passed to NoneType.__format__
2026-01-25 19:20:00,062 - INFO - 
2026-01-25 19:20:00,062 - INFO - [187/456] Processing 037_S_0377...
2026-01-25 19:20:11,469 - ERROR -    Error: unsupported format string passed to NoneType.__format__
2026-01-25 19:20:11,469 - INFO - 
2026-01-25 19:20:11,469 - INFO - [188/456] Processing 037_S_0454...
2026-01-25 19:20:22,454 - ERROR -    Error: unsupported format string passed to NoneType.__format__
2026-01-25 19:20:22,455 - INFO - 
2026-01-25 19:20:22,455 - INFO - [189/456] Processing 037_S_0501...
2026-01-25 19:20:34,076 - ERROR -    Error: unsupported format string passed to NoneType.__format__
2026-01-25 19:20:34,076 - INFO - 
2026-01-25 19:20:34,076 - INFO - [190/456] Processing 037_S_0539...
2026-01-25 19:20:41,728 - ERROR -    Error: unsupported format string passed to NoneType.__format__
2026-01-25 19:20:41,728 - INFO - 
2026-01-25 19:20:41,728 - INFO - [191/456] Processing 037_S_0566...
2026-01-25 19:20:48,803 - ERROR -    Error: unsupported format string passed to NoneType.__format__
2026-01-25 19:20:48,803 - INFO - 
2026-01-25 19:20:48,803 - INFO - [192/456] Processing 037_S_1078...
2026-01-25 19:20:58,658 - ERROR -    Error: unsupported format string passed to NoneType.__format__
2026-01-25 19:20:58,658 - INFO - 
2026-01-25 19:20:58,658 - INFO - [193/456] Processing 037_S_1421...
2026-01-25 19:21:06,224 - ERROR -    Error: unsupported format string passed to NoneType.__format__
2026-01-25 19:21:06,226 - INFO - 
2026-01-25 19:21:06,226 - INFO - [194/456] Processing 037_S_4071...
2026-01-25 19:21:14,201 - ERROR -    Error: unsupported format string passed to NoneType.__format__
2026-01-25 19:21:14,201 - INFO - 
2026-01-25 19:21:14,201 - INFO - [195/456] Processing 037_S_4146...
2026-01-25 19:21:22,484 - ERROR -    Error: unsupported format string passed to NoneType.__format__
2026-01-25 19:21:22,485 - INFO - 
2026-01-25 19:21:22,485 - INFO - [196/456] Processing 037_S_4214...
2026-01-25 19:21:30,800 - ERROR -    Error: unsupported format string passed to NoneType.__format__
2026-01-25 19:21:30,800 - INFO - 
2026-01-25 19:21:30,800 - INFO - [197/456] Processing 037_S_4706...
2026-01-25 19:21:38,796 - ERROR -    Error: unsupported format string passed to NoneType.__format__
2026-01-25 19:21:38,797 - INFO - 
2026-01-25 19:21:38,797 - INFO - [198/456] Processing 041_S_0314...
2026-01-25 19:21:43,849 - ERROR -    Error: unsupported format string passed to NoneType.__format__
2026-01-25 19:21:43,849 - INFO - 
2026-01-25 19:21:43,849 - INFO - [199/456] Processing 041_S_0679...
2026-01-25 19:21:50,574 - ERROR -    Error: unsupported format string passed to NoneType.__format__
2026-01-25 19:21:50,574 - INFO - 
2026-01-25 19:21:50,574 - INFO - [200/456] Processing 041_S_1010...
2026-01-25 19:21:55,447 - ERROR -    Error: unsupported format string passed to NoneType.__format__
2026-01-25 19:21:55,461 - INFO - 
   Saved intermediate results to features_all_456_temp_200.csv

2026-01-25 19:21:55,461 - INFO - 
2026-01-25 19:21:55,461 - INFO - [201/456] Processing 041_S_1418...
2026-01-25 19:22:01,803 - ERROR -    Error: unsupported format string passed to NoneType.__format__
2026-01-25 19:22:01,803 - INFO - 
2026-01-25 19:22:01,803 - INFO - [202/456] Processing 041_S_4004...
2026-01-25 19:22:09,832 - ERROR -    Error: unsupported format string passed to NoneType.__format__
2026-01-25 19:22:09,834 - INFO - 
2026-01-25 19:22:09,834 - INFO - [203/456] Processing 041_S_4051...
2026-01-25 19:22:18,324 - ERROR -    Error: unsupported format string passed to NoneType.__format__
2026-01-25 19:22:18,324 - INFO - 
2026-01-25 19:22:18,324 - INFO - [204/456] Processing 041_S_4143...
2026-01-25 19:22:26,319 - ERROR -    Error: unsupported format string passed to NoneType.__format__
2026-01-25 19:22:26,321 - INFO - 
2026-01-25 19:22:26,321 - INFO - [205/456] Processing 041_S_4271...
2026-01-25 19:22:34,139 - ERROR -    Error: unsupported format string passed to NoneType.__format__
2026-01-25 19:22:34,140 - INFO - 
2026-01-25 19:22:34,140 - INFO - [206/456] Processing 041_S_4510...
2026-01-25 19:22:42,299 - ERROR -    Error: unsupported format string passed to NoneType.__format__
2026-01-25 19:22:42,300 - INFO - 
2026-01-25 19:22:42,300 - INFO - [207/456] Processing 041_S_4513...
2026-01-25 19:22:51,691 - ERROR -    Error: unsupported format string passed to NoneType.__format__
2026-01-25 19:22:51,691 - INFO - 
2026-01-25 19:22:51,691 - INFO - [208/456] Processing 041_S_4874...
2026-01-25 19:23:00,967 - ERROR -    Error: unsupported format string passed to NoneType.__format__
2026-01-25 19:23:00,967 - INFO - 
2026-01-25 19:23:00,967 - INFO - [209/456] Processing 041_S_4876...
2026-01-25 19:23:10,288 - ERROR -    Error: unsupported format string passed to NoneType.__format__
2026-01-25 19:23:10,290 - INFO - 
2026-01-25 19:23:10,290 - INFO - [210/456] Processing 041_S_4974...
2026-01-25 19:23:19,154 - ERROR -    Error: unsupported format string passed to NoneType.__format__
2026-01-25 19:23:19,154 - INFO - 
2026-01-25 19:23:19,154 - INFO - [211/456] Processing 041_S_4989...
2026-01-25 19:23:28,532 - ERROR -    Error: unsupported format string passed to NoneType.__format__
2026-01-25 19:23:28,534 - INFO - 
2026-01-25 19:23:28,534 - INFO - [212/456] Processing 051_S_1072...
2026-01-25 19:23:34,776 - ERROR -    Error: unsupported format string passed to NoneType.__format__
2026-01-25 19:23:34,776 - INFO - 
2026-01-25 19:23:34,776 - INFO - [213/456] Processing 051_S_1131...
2026-01-25 19:23:41,615 - ERROR -    Error: unsupported format string passed to NoneType.__format__
2026-01-25 19:23:41,615 - INFO - 
2026-01-25 19:23:41,615 - INFO - [214/456] Processing 052_S_0671...
2026-01-25 19:23:51,665 - ERROR -    Error: unsupported format string passed to NoneType.__format__
2026-01-25 19:23:51,667 - INFO - 
2026-01-25 19:23:51,667 - INFO - [215/456] Processing 052_S_0989...
2026-01-25 19:24:02,121 - ERROR -    Error: unsupported format string passed to NoneType.__format__
2026-01-25 19:24:02,121 - INFO - 
2026-01-25 19:24:02,121 - INFO - [216/456] Processing 052_S_1346...
2026-01-25 19:24:12,103 - ERROR -    Error: unsupported format string passed to NoneType.__format__
2026-01-25 19:24:12,104 - INFO - 
2026-01-25 19:24:12,104 - INFO - [217/456] Processing 052_S_2249...
2026-01-25 19:24:24,950 - ERROR -    Error: unsupported format string passed to NoneType.__format__
2026-01-25 19:24:24,951 - INFO - 
2026-01-25 19:24:24,951 - INFO - [218/456] Processing 052_S_4626...
2026-01-25 19:24:37,983 - ERROR -    Error: unsupported format string passed to NoneType.__format__
2026-01-25 19:24:37,984 - INFO - 
2026-01-25 19:24:37,984 - INFO - [219/456] Processing 052_S_4885...
2026-01-25 19:24:50,064 - ERROR -    Error: unsupported format string passed to NoneType.__format__
2026-01-25 19:24:50,064 - INFO - 
2026-01-25 19:24:50,064 - INFO - [220/456] Processing 053_S_0507...
2026-01-25 19:24:56,259 - ERROR -    Error: unsupported format string passed to NoneType.__format__
2026-01-25 19:24:56,261 - INFO - 
2026-01-25 19:24:56,261 - INFO - [221/456] Processing 053_S_0621...
2026-01-25 19:25:05,436 - ERROR -    Error: unsupported format string passed to NoneType.__format__
2026-01-25 19:25:05,438 - INFO - 
2026-01-25 19:25:05,438 - INFO - [222/456] Processing 053_S_0919...
2026-01-25 19:25:13,837 - ERROR -    Error: unsupported format string passed to NoneType.__format__
2026-01-25 19:25:13,839 - INFO - 
2026-01-25 19:25:13,839 - INFO - [223/456] Processing 053_S_2396...
2026-01-25 19:25:19,922 - ERROR -    Error: unsupported format string passed to NoneType.__format__
2026-01-25 19:25:19,922 - INFO - 
2026-01-25 19:25:19,922 - INFO - [224/456] Processing 053_S_4557...
2026-01-25 19:25:26,011 - ERROR -    Error: unsupported format string passed to NoneType.__format__
2026-01-25 19:25:26,011 - INFO - 
2026-01-25 19:25:26,011 - INFO - [225/456] Processing 053_S_4813...
2026-01-25 19:25:32,444 - ERROR -    Error: unsupported format string passed to NoneType.__format__
2026-01-25 19:25:32,446 - INFO - 
2026-01-25 19:25:32,446 - INFO - [226/456] Processing 057_S_0464...
2026-01-25 19:25:37,447 - ERROR -    Error: unsupported format string passed to NoneType.__format__
2026-01-25 19:25:37,447 - INFO - 
2026-01-25 19:25:37,447 - INFO - [227/456] Processing 057_S_0839...
2026-01-25 19:25:42,323 - ERROR -    Error: unsupported format string passed to NoneType.__format__
2026-01-25 19:25:42,323 - INFO - 
2026-01-25 19:25:42,323 - INFO - [228/456] Processing 057_S_1007...
2026-01-25 19:25:49,012 - ERROR -    Error: unsupported format string passed to NoneType.__format__
2026-01-25 19:25:49,012 - INFO - 
2026-01-25 19:25:49,012 - INFO - [229/456] Processing 057_S_1217...
2026-01-25 19:25:53,336 - ERROR -    Error: unsupported format string passed to NoneType.__format__
2026-01-25 19:25:53,336 - INFO - 
2026-01-25 19:25:53,336 - INFO - [230/456] Processing 057_S_1265...
2026-01-25 19:25:58,793 - ERROR -    Error: unsupported format string passed to NoneType.__format__
2026-01-25 19:25:58,793 - INFO - 
2026-01-25 19:25:58,793 - INFO - [231/456] Processing 057_S_1269...
2026-01-25 19:26:04,144 - ERROR -    Error: unsupported format string passed to NoneType.__format__
2026-01-25 19:26:04,146 - INFO - 
2026-01-25 19:26:04,146 - INFO - [232/456] Processing 062_S_1182...
2026-01-25 19:26:10,417 - ERROR -    Error: unsupported format string passed to NoneType.__format__
2026-01-25 19:26:10,417 - INFO - 
2026-01-25 19:26:10,417 - INFO - [233/456] Processing 062_S_1299...
2026-01-25 19:26:14,079 - ERROR -    Error: unsupported format string passed to NoneType.__format__
2026-01-25 19:26:14,080 - INFO - 
2026-01-25 19:26:14,080 - INFO - [234/456] Processing 067_S_0077...
2026-01-25 19:26:18,468 - ERROR -    Error: unsupported format string passed to NoneType.__format__
2026-01-25 19:26:18,469 - INFO - 
2026-01-25 19:26:18,469 - INFO - [235/456] Processing 067_S_0098...
2026-01-25 19:26:24,378 - ERROR -    Error: unsupported format string passed to NoneType.__format__
2026-01-25 19:26:24,379 - INFO - 
2026-01-25 19:26:24,379 - INFO - [236/456] Processing 067_S_0176...
2026-01-25 19:26:30,025 - ERROR -    Error: unsupported format string passed to NoneType.__format__
2026-01-25 19:26:30,025 - INFO - 
2026-01-25 19:26:30,025 - INFO - [237/456] Processing 067_S_0290...
2026-01-25 19:26:35,223 - ERROR -    Error: unsupported format string passed to NoneType.__format__
2026-01-25 19:26:35,223 - INFO - 
2026-01-25 19:26:35,223 - INFO - [238/456] Processing 067_S_0336...
2026-01-25 19:26:39,633 - ERROR -    Error: unsupported format string passed to NoneType.__format__
2026-01-25 19:26:39,635 - INFO - 
2026-01-25 19:26:39,635 - INFO - [239/456] Processing 067_S_0607...
2026-01-25 19:26:45,532 - ERROR -    Error: unsupported format string passed to NoneType.__format__
2026-01-25 19:26:45,533 - INFO - 
2026-01-25 19:26:45,533 - INFO - [240/456] Processing 067_S_2195...
2026-01-25 19:26:54,228 - ERROR -    Error: unsupported format string passed to NoneType.__format__
2026-01-25 19:26:54,228 - INFO - 
2026-01-25 19:26:54,228 - INFO - [241/456] Processing 067_S_2196...
2026-01-25 19:27:02,415 - ERROR -    Error: unsupported format string passed to NoneType.__format__
2026-01-25 19:27:02,417 - INFO - 
2026-01-25 19:27:02,417 - INFO - [242/456] Processing 067_S_2304...
2026-01-25 19:27:11,665 - ERROR -    Error: unsupported format string passed to NoneType.__format__
2026-01-25 19:27:11,665 - INFO - 
2026-01-25 19:27:11,665 - INFO - [243/456] Processing 067_S_4782...
2026-01-25 19:27:21,376 - ERROR -    Error: unsupported format string passed to NoneType.__format__
2026-01-25 19:27:21,377 - INFO - 
2026-01-25 19:27:21,377 - INFO - [244/456] Processing 068_S_0127...
2026-01-25 19:27:30,900 - ERROR -    Error: unsupported format string passed to NoneType.__format__
2026-01-25 19:27:30,900 - INFO - 
2026-01-25 19:27:30,900 - INFO - [245/456] Processing 068_S_0802...
2026-01-25 19:27:38,519 - ERROR -    Error: unsupported format string passed to NoneType.__format__
2026-01-25 19:27:38,520 - INFO - 
2026-01-25 19:27:38,520 - INFO - [246/456] Processing 068_S_4061...
2026-01-25 19:27:46,402 - ERROR -    Error: unsupported format string passed to NoneType.__format__
2026-01-25 19:27:46,402 - INFO - 
2026-01-25 19:27:46,402 - INFO - [247/456] Processing 070_S_6236...
2026-01-25 19:27:56,115 - ERROR -    Error: unsupported format string passed to NoneType.__format__
2026-01-25 19:27:56,115 - INFO - 
2026-01-25 19:27:56,116 - INFO - [248/456] Processing 072_S_2037...
2026-01-25 19:28:05,302 - ERROR -    Error: unsupported format string passed to NoneType.__format__
2026-01-25 19:28:05,304 - INFO - 
2026-01-25 19:28:05,304 - INFO - [249/456] Processing 072_S_2072...
2026-01-25 19:28:14,332 - ERROR -    Error: unsupported format string passed to NoneType.__format__
2026-01-25 19:28:14,332 - INFO - 
2026-01-25 19:28:14,332 - INFO - [250/456] Processing 072_S_2083...
2026-01-25 19:28:24,109 - ERROR -    Error: unsupported format string passed to NoneType.__format__
2026-01-25 19:28:24,126 - INFO - 
   Saved intermediate results to features_all_456_temp_250.csv

2026-01-25 19:28:24,126 - INFO - 
2026-01-25 19:28:24,126 - INFO - [251/456] Processing 072_S_2093...
2026-01-25 19:28:33,178 - ERROR -    Error: unsupported format string passed to NoneType.__format__
2026-01-25 19:28:33,178 - INFO - 
2026-01-25 19:28:33,178 - INFO - [252/456] Processing 072_S_2116...
2026-01-25 19:28:41,613 - ERROR -    Error: unsupported format string passed to NoneType.__format__
2026-01-25 19:28:41,614 - INFO - 
2026-01-25 19:28:41,614 - INFO - [253/456] Processing 072_S_2164...
2026-01-25 19:28:50,747 - ERROR -    Error: unsupported format string passed to NoneType.__format__
2026-01-25 19:28:50,747 - INFO - 
2026-01-25 19:28:50,747 - INFO - [254/456] Processing 072_S_4063...
2026-01-25 19:28:59,883 - ERROR -    Error: unsupported format string passed to NoneType.__format__
2026-01-25 19:28:59,884 - INFO - 
2026-01-25 19:28:59,884 - INFO - [255/456] Processing 072_S_4206...
2026-01-25 19:29:08,453 - ERROR -    Error: unsupported format string passed to NoneType.__format__
2026-01-25 19:29:08,453 - INFO - 
2026-01-25 19:29:08,453 - INFO - [256/456] Processing 072_S_4226...
2026-01-25 19:29:17,076 - ERROR -    Error: unsupported format string passed to NoneType.__format__
2026-01-25 19:29:17,076 - INFO - 
2026-01-25 19:29:17,076 - INFO - [257/456] Processing 072_S_4383...
2026-01-25 19:29:25,676 - ERROR -    Error: unsupported format string passed to NoneType.__format__
2026-01-25 19:29:25,677 - INFO - 
2026-01-25 19:29:25,677 - INFO - [258/456] Processing 072_S_4390...
2026-01-25 19:29:34,779 - ERROR -    Error: unsupported format string passed to NoneType.__format__
2026-01-25 19:29:34,779 - INFO - 
2026-01-25 19:29:34,780 - INFO - [259/456] Processing 072_S_4394...
2026-01-25 19:29:44,931 - ERROR -    Error: unsupported format string passed to NoneType.__format__
2026-01-25 19:29:44,931 - INFO - 
2026-01-25 19:29:44,931 - INFO - [260/456] Processing 072_S_4465...
2026-01-25 19:29:55,946 - ERROR -    Error: unsupported format string passed to NoneType.__format__
2026-01-25 19:29:55,948 - INFO - 
2026-01-25 19:29:55,948 - INFO - [261/456] Processing 072_S_4522...
2026-01-25 19:30:06,518 - ERROR -    Error: unsupported format string passed to NoneType.__format__
2026-01-25 19:30:06,519 - INFO - 
2026-01-25 19:30:06,519 - INFO - [262/456] Processing 072_S_4539...
2026-01-25 19:30:16,337 - ERROR -    Error: unsupported format string passed to NoneType.__format__
2026-01-25 19:30:16,339 - INFO - 
2026-01-25 19:30:16,339 - INFO - [263/456] Processing 072_S_4613...
2026-01-25 19:30:27,381 - ERROR -    Error: unsupported format string passed to NoneType.__format__
2026-01-25 19:30:27,381 - INFO - 
2026-01-25 19:30:27,381 - INFO - [264/456] Processing 072_S_4871...
2026-01-25 19:30:36,106 - ERROR -    Error: unsupported format string passed to NoneType.__format__
2026-01-25 19:30:36,107 - INFO - 
2026-01-25 19:30:36,107 - INFO - [265/456] Processing 072_S_4941...
2026-01-25 19:30:46,802 - ERROR -    Error: unsupported format string passed to NoneType.__format__
2026-01-25 19:30:46,803 - INFO - 
2026-01-25 19:30:46,803 - INFO - [266/456] Processing 073_S_0518...
2026-01-25 19:30:51,738 - ERROR -    Error: unsupported format string passed to NoneType.__format__
2026-01-25 19:30:51,738 - INFO - 
2026-01-25 19:30:51,738 - INFO - [267/456] Processing 073_S_0746...
2026-01-25 19:30:58,143 - ERROR -    Error: unsupported format string passed to NoneType.__format__
2026-01-25 19:30:58,144 - INFO - 
2026-01-25 19:30:58,144 - INFO - [268/456] Processing 073_S_0909...
2026-01-25 19:31:03,735 - ERROR -    Error: unsupported format string passed to NoneType.__format__
2026-01-25 19:31:03,735 - INFO - 
2026-01-25 19:31:03,735 - INFO - [269/456] Processing 073_S_2153...
2026-01-25 19:31:13,596 - ERROR -    Error: unsupported format string passed to NoneType.__format__
2026-01-25 19:31:13,597 - INFO - 
2026-01-25 19:31:13,597 - INFO - [270/456] Processing 073_S_2182...
2026-01-25 19:31:24,453 - ERROR -    Error: unsupported format string passed to NoneType.__format__
2026-01-25 19:31:24,455 - INFO - 
2026-01-25 19:31:24,455 - INFO - [271/456] Processing 073_S_2225...
2026-01-25 19:31:34,013 - ERROR -    Error: unsupported format string passed to NoneType.__format__
2026-01-25 19:31:34,013 - INFO - 
2026-01-25 19:31:34,013 - INFO - [272/456] Processing 073_S_2264...
2026-01-25 19:31:42,516 - ERROR -    Error: unsupported format string passed to NoneType.__format__
2026-01-25 19:31:42,517 - INFO - 
2026-01-25 19:31:42,517 - INFO - [273/456] Processing 073_S_4216...
2026-01-25 19:31:52,048 - ERROR -    Error: unsupported format string passed to NoneType.__format__
2026-01-25 19:31:52,048 - INFO - 
2026-01-25 19:31:52,048 - INFO - [274/456] Processing 073_S_4300...
2026-01-25 19:32:01,756 - ERROR -    Error: unsupported format string passed to NoneType.__format__
2026-01-25 19:32:01,757 - INFO - 
2026-01-25 19:32:01,757 - INFO - [275/456] Processing 073_S_4311...
2026-01-25 19:32:11,107 - ERROR -    Error: unsupported format string passed to NoneType.__format__
2026-01-25 19:32:11,107 - INFO - 
2026-01-25 19:32:11,107 - INFO - [276/456] Processing 073_S_4312...
2026-01-25 19:32:19,358 - ERROR -    Error: unsupported format string passed to NoneType.__format__
2026-01-25 19:32:19,359 - INFO - 
2026-01-25 19:32:19,359 - INFO - [277/456] Processing 073_S_4360...
2026-01-25 19:32:28,465 - ERROR -    Error: unsupported format string passed to NoneType.__format__
2026-01-25 19:32:28,465 - INFO - 
2026-01-25 19:32:28,465 - INFO - [278/456] Processing 073_S_4443...
2026-01-25 19:32:36,880 - ERROR -    Error: unsupported format string passed to NoneType.__format__
2026-01-25 19:32:36,882 - INFO - 
2026-01-25 19:32:36,882 - INFO - [279/456] Processing 073_S_4614...
2026-01-25 19:32:45,175 - ERROR -    Error: unsupported format string passed to NoneType.__format__
2026-01-25 19:32:45,175 - INFO - 
2026-01-25 19:32:45,175 - INFO - [280/456] Processing 073_S_4777...
2026-01-25 19:32:53,559 - ERROR -    Error: unsupported format string passed to NoneType.__format__
2026-01-25 19:32:53,559 - INFO - 
2026-01-25 19:32:53,560 - INFO - [281/456] Processing 073_S_4986...
2026-01-25 19:33:03,179 - ERROR -    Error: unsupported format string passed to NoneType.__format__
2026-01-25 19:33:03,181 - INFO - 
2026-01-25 19:33:03,181 - INFO - [282/456] Processing 082_S_2121...
2026-01-25 19:33:12,129 - ERROR -    Error: unsupported format string passed to NoneType.__format__
2026-01-25 19:33:12,130 - INFO - 
2026-01-25 19:33:12,130 - INFO - [283/456] Processing 082_S_2307...
2026-01-25 19:33:20,924 - ERROR -    Error: unsupported format string passed to NoneType.__format__
2026-01-25 19:33:20,926 - INFO - 
2026-01-25 19:33:20,926 - INFO - [284/456] Processing 094_S_0921...
2026-01-25 19:33:30,903 - ERROR -    Error: unsupported format string passed to NoneType.__format__
2026-01-25 19:33:30,903 - INFO - 
2026-01-25 19:33:30,903 - INFO - [285/456] Processing 094_S_1293...
2026-01-25 19:33:41,672 - ERROR -    Error: unsupported format string passed to NoneType.__format__
2026-01-25 19:33:41,673 - INFO - 
2026-01-25 19:33:41,673 - INFO - [286/456] Processing 094_S_1314...
2026-01-25 19:33:50,790 - ERROR -    Error: unsupported format string passed to NoneType.__format__
2026-01-25 19:33:50,790 - INFO - 
2026-01-25 19:33:50,790 - INFO - [287/456] Processing 094_S_1417...
2026-01-25 19:34:00,967 - ERROR -    Error: unsupported format string passed to NoneType.__format__
2026-01-25 19:34:00,968 - INFO - 
2026-01-25 19:34:00,968 - INFO - [288/456] Processing 094_S_2238...
2026-01-25 19:34:11,640 - ERROR -    Error: unsupported format string passed to NoneType.__format__
2026-01-25 19:34:11,640 - INFO - 
2026-01-25 19:34:11,640 - INFO - [289/456] Processing 094_S_2367...
2026-01-25 19:34:23,262 - ERROR -    Error: unsupported format string passed to NoneType.__format__
2026-01-25 19:34:23,263 - INFO - 
2026-01-25 19:34:23,263 - INFO - [290/456] Processing 094_S_4630...
2026-01-25 19:34:36,964 - ERROR -    Error: unsupported format string passed to NoneType.__format__
2026-01-25 19:34:36,968 - INFO - 
2026-01-25 19:34:36,968 - INFO - [291/456] Processing 094_S_4858...
2026-01-25 19:34:48,764 - ERROR -    Error: unsupported format string passed to NoneType.__format__
2026-01-25 19:34:48,764 - INFO - 
2026-01-25 19:34:48,764 - INFO - [292/456] Processing 098_S_0160...
2026-01-25 19:34:58,762 - ERROR -    Error: unsupported format string passed to NoneType.__format__
2026-01-25 19:34:58,763 - INFO - 
2026-01-25 19:34:58,763 - INFO - [293/456] Processing 098_S_0269...
2026-01-25 19:35:09,578 - ERROR -    Error: unsupported format string passed to NoneType.__format__
2026-01-25 19:35:09,579 - INFO - 
2026-01-25 19:35:09,579 - INFO - [294/456] Processing 098_S_0667...
2026-01-25 19:35:17,196 - ERROR -    Error: unsupported format string passed to NoneType.__format__
2026-01-25 19:35:17,198 - INFO - 
2026-01-25 19:35:17,198 - INFO - [295/456] Processing 098_S_2079...
2026-01-25 19:35:29,074 - ERROR -    Error: unsupported format string passed to NoneType.__format__
2026-01-25 19:35:29,074 - INFO - 
2026-01-25 19:35:29,074 - INFO - [296/456] Processing 099_S_0051...
2026-01-25 19:35:35,198 - ERROR -    Error: unsupported format string passed to NoneType.__format__
2026-01-25 19:35:35,198 - INFO - 
2026-01-25 19:35:35,198 - INFO - [297/456] Processing 099_S_0054...
2026-01-25 19:35:38,835 - ERROR -    Error: unsupported format string passed to NoneType.__format__
2026-01-25 19:35:38,836 - INFO - 
2026-01-25 19:35:38,836 - INFO - [298/456] Processing 099_S_0291...
2026-01-25 19:35:43,894 - ERROR -    Error: unsupported format string passed to NoneType.__format__
2026-01-25 19:35:43,894 - INFO - 
2026-01-25 19:35:43,894 - INFO - [299/456] Processing 099_S_1034...
2026-01-25 19:35:49,688 - ERROR -    Error: unsupported format string passed to NoneType.__format__
2026-01-25 19:35:49,688 - INFO - 
2026-01-25 19:35:49,688 - INFO - [300/456] Processing 099_S_2063...
2026-01-25 19:35:58,549 - ERROR -    Error: unsupported format string passed to NoneType.__format__
2026-01-25 19:35:58,567 - INFO - 
   Saved intermediate results to features_all_456_temp_300.csv

2026-01-25 19:35:58,567 - INFO - 
2026-01-25 19:35:58,567 - INFO - [301/456] Processing 099_S_4202...
2026-01-25 19:36:07,186 - ERROR -    Error: unsupported format string passed to NoneType.__format__
2026-01-25 19:36:07,186 - INFO - 
2026-01-25 19:36:07,186 - INFO - [302/456] Processing 099_S_4205...
2026-01-25 19:36:16,388 - ERROR -    Error: unsupported format string passed to NoneType.__format__
2026-01-25 19:36:16,389 - INFO - 
2026-01-25 19:36:16,389 - INFO - [303/456] Processing 099_S_4463...
2026-01-25 19:36:25,839 - ERROR -    Error: unsupported format string passed to NoneType.__format__
2026-01-25 19:36:25,839 - INFO - 
2026-01-25 19:36:25,839 - INFO - [304/456] Processing 099_S_4498...
2026-01-25 19:36:37,077 - ERROR -    Error: unsupported format string passed to NoneType.__format__
2026-01-25 19:36:37,078 - INFO - 
2026-01-25 19:36:37,078 - INFO - [305/456] Processing 100_S_0296...
2026-01-25 19:36:43,576 - ERROR -    Error: unsupported format string passed to NoneType.__format__
2026-01-25 19:36:43,576 - INFO - 
2026-01-25 19:36:43,576 - INFO - [306/456] Processing 100_S_4512...
2026-01-25 19:36:49,590 - ERROR -    Error: unsupported format string passed to NoneType.__format__
2026-01-25 19:36:49,590 - INFO - 
2026-01-25 19:36:49,590 - INFO - [307/456] Processing 109_S_0950...
2026-01-25 19:36:56,715 - ERROR -    Error: unsupported format string passed to NoneType.__format__
2026-01-25 19:36:56,716 - INFO - 
2026-01-25 19:36:56,716 - INFO - [308/456] Processing 109_S_1114...
2026-01-25 19:37:02,968 - ERROR -    Error: unsupported format string passed to NoneType.__format__
2026-01-25 19:37:02,968 - INFO - 
2026-01-25 19:37:02,969 - INFO - [309/456] Processing 109_S_1183...
2026-01-25 19:37:09,623 - ERROR -    Error: unsupported format string passed to NoneType.__format__
2026-01-25 19:37:09,623 - INFO - 
2026-01-25 19:37:09,623 - INFO - [310/456] Processing 109_S_2200...
2026-01-25 19:37:26,907 - ERROR -    Error: unsupported format string passed to NoneType.__format__
2026-01-25 19:37:26,908 - INFO - 
2026-01-25 19:37:26,908 - INFO - [311/456] Processing 109_S_4380...
2026-01-25 19:37:39,121 - ERROR -    Error: unsupported format string passed to NoneType.__format__
2026-01-25 19:37:39,121 - INFO - 
2026-01-25 19:37:39,121 - INFO - [312/456] Processing 109_S_4455...
2026-01-25 19:37:52,605 - ERROR -    Error: unsupported format string passed to NoneType.__format__
2026-01-25 19:37:52,606 - INFO - 
2026-01-25 19:37:52,606 - INFO - [313/456] Processing 109_S_4531...
2026-01-25 19:38:05,620 - ERROR -    Error: unsupported format string passed to NoneType.__format__
2026-01-25 19:38:05,621 - INFO - 
2026-01-25 19:38:05,621 - INFO - [314/456] Processing 109_S_4594...
2026-01-25 19:38:18,248 - ERROR -    Error: unsupported format string passed to NoneType.__format__
2026-01-25 19:38:18,249 - INFO - 
2026-01-25 19:38:18,249 - INFO - [315/456] Processing 114_S_0378...
2026-01-25 19:38:24,054 - ERROR -    Error: unsupported format string passed to NoneType.__format__
2026-01-25 19:38:24,054 - INFO - 
2026-01-25 19:38:24,054 - INFO - [316/456] Processing 114_S_1106...
2026-01-25 19:38:29,252 - ERROR -    Error: unsupported format string passed to NoneType.__format__
2026-01-25 19:38:29,252 - INFO - 
2026-01-25 19:38:29,252 - INFO - [317/456] Processing 114_S_1118...
2026-01-25 19:38:35,072 - ERROR -    Error: unsupported format string passed to NoneType.__format__
2026-01-25 19:38:35,074 - INFO - 
2026-01-25 19:38:35,074 - INFO - [318/456] Processing 114_S_2392...
2026-01-25 19:38:43,324 - ERROR -    Error: unsupported format string passed to NoneType.__format__
2026-01-25 19:38:43,325 - INFO - 
2026-01-25 19:38:43,325 - INFO - [319/456] Processing 114_S_4404...
2026-01-25 19:38:51,992 - ERROR -    Error: unsupported format string passed to NoneType.__format__
2026-01-25 19:38:51,992 - INFO - 
2026-01-25 19:38:51,992 - INFO - [320/456] Processing 114_S_5047...
2026-01-25 19:39:00,426 - ERROR -    Error: unsupported format string passed to NoneType.__format__
2026-01-25 19:39:00,427 - INFO - 
2026-01-25 19:39:00,427 - INFO - [321/456] Processing 116_S_0361...
2026-01-25 19:39:07,929 - ERROR -    Error: unsupported format string passed to NoneType.__format__
2026-01-25 19:39:07,929 - INFO - 
2026-01-25 19:39:07,929 - INFO - [322/456] Processing 116_S_0649...
2026-01-25 19:39:13,464 - ERROR -    Error: unsupported format string passed to NoneType.__format__
2026-01-25 19:39:13,464 - INFO - 
2026-01-25 19:39:13,464 - INFO - [323/456] Processing 116_S_0752...
2026-01-25 19:39:18,820 - ERROR -    Error: unsupported format string passed to NoneType.__format__
2026-01-25 19:39:18,821 - INFO - 
2026-01-25 19:39:18,821 - INFO - [324/456] Processing 116_S_0834...
2026-01-25 19:39:24,127 - ERROR -    Error: unsupported format string passed to NoneType.__format__
2026-01-25 19:39:24,128 - INFO - 
2026-01-25 19:39:24,128 - INFO - [325/456] Processing 116_S_1243...
2026-01-25 19:39:29,936 - ERROR -    Error: unsupported format string passed to NoneType.__format__
2026-01-25 19:39:29,936 - INFO - 
2026-01-25 19:39:29,936 - INFO - [326/456] Processing 116_S_1271...
2026-01-25 19:39:36,028 - ERROR -    Error: unsupported format string passed to NoneType.__format__
2026-01-25 19:39:36,028 - INFO - 
2026-01-25 19:39:36,028 - INFO - [327/456] Processing 116_S_1315...
2026-01-25 19:39:43,107 - ERROR -    Error: unsupported format string passed to NoneType.__format__
2026-01-25 19:39:43,108 - INFO - 
2026-01-25 19:39:43,108 - INFO - [328/456] Processing 116_S_4092...
2026-01-25 19:39:51,527 - ERROR -    Error: unsupported format string passed to NoneType.__format__
2026-01-25 19:39:51,527 - INFO - 
2026-01-25 19:39:51,527 - INFO - [329/456] Processing 116_S_4175...
2026-01-25 19:40:00,174 - ERROR -    Error: unsupported format string passed to NoneType.__format__
2026-01-25 19:40:00,175 - INFO - 
2026-01-25 19:40:00,175 - INFO - [330/456] Processing 116_S_4199...
2026-01-25 19:40:09,873 - ERROR -    Error: unsupported format string passed to NoneType.__format__
2026-01-25 19:40:09,873 - INFO - 
2026-01-25 19:40:09,873 - INFO - [331/456] Processing 116_S_4635...
2026-01-25 19:40:19,575 - ERROR -    Error: unsupported format string passed to NoneType.__format__
2026-01-25 19:40:19,575 - INFO - 
2026-01-25 19:40:19,575 - INFO - [332/456] Processing 116_S_4898...
2026-01-25 19:40:31,024 - ERROR -    Error: unsupported format string passed to NoneType.__format__
2026-01-25 19:40:31,025 - INFO - 
2026-01-25 19:40:31,025 - INFO - [333/456] Processing 116_S_6550...
2026-01-25 19:40:39,711 - ERROR -    Error: unsupported format string passed to NoneType.__format__
2026-01-25 19:40:39,713 - INFO - 
2026-01-25 19:40:39,713 - INFO - [334/456] Processing 123_S_0050...
2026-01-25 19:40:47,390 - ERROR -    Error: unsupported format string passed to NoneType.__format__
2026-01-25 19:40:47,391 - INFO - 
2026-01-25 19:40:47,391 - INFO - [335/456] Processing 123_S_0106...
2026-01-25 19:40:57,067 - ERROR -    Error: unsupported format string passed to NoneType.__format__
2026-01-25 19:40:57,068 - INFO - 
2026-01-25 19:40:57,068 - INFO - [336/456] Processing 123_S_0108...
2026-01-25 19:41:04,720 - ERROR -    Error: unsupported format string passed to NoneType.__format__
2026-01-25 19:41:04,720 - INFO - 
2026-01-25 19:41:04,720 - INFO - [337/456] Processing 123_S_0390...
2026-01-25 19:41:11,906 - ERROR -    Error: unsupported format string passed to NoneType.__format__
2026-01-25 19:41:11,907 - INFO - 
2026-01-25 19:41:11,907 - INFO - [338/456] Processing 123_S_1300...
2026-01-25 19:41:19,810 - ERROR -    Error: unsupported format string passed to NoneType.__format__
2026-01-25 19:41:19,810 - INFO - 
2026-01-25 19:41:19,810 - INFO - [339/456] Processing 123_S_2055...
2026-01-25 19:41:28,162 - ERROR -    Error: unsupported format string passed to NoneType.__format__
2026-01-25 19:41:28,163 - INFO - 
2026-01-25 19:41:28,163 - INFO - [340/456] Processing 123_S_2363...
2026-01-25 19:41:36,678 - ERROR -    Error: unsupported format string passed to NoneType.__format__
2026-01-25 19:41:36,678 - INFO - 
2026-01-25 19:41:36,678 - INFO - [341/456] Processing 123_S_4127...
2026-01-25 19:41:44,747 - ERROR -    Error: unsupported format string passed to NoneType.__format__
2026-01-25 19:41:44,747 - INFO - 
2026-01-25 19:41:44,747 - INFO - [342/456] Processing 123_S_4170...
2026-01-25 19:41:53,800 - ERROR -    Error: unsupported format string passed to NoneType.__format__
2026-01-25 19:41:53,800 - INFO - 
2026-01-25 19:41:53,801 - INFO - [343/456] Processing 123_S_4780...
2026-01-25 19:42:02,107 - ERROR -    Error: unsupported format string passed to NoneType.__format__
2026-01-25 19:42:02,107 - INFO - 
2026-01-25 19:42:02,107 - INFO - [344/456] Processing 123_S_4806...
2026-01-25 19:42:10,394 - ERROR -    Error: unsupported format string passed to NoneType.__format__
2026-01-25 19:42:10,394 - INFO - 
2026-01-25 19:42:10,394 - INFO - [345/456] Processing 126_S_0605...
2026-01-25 19:42:20,975 - ERROR -    Error: unsupported format string passed to NoneType.__format__
2026-01-25 19:42:20,975 - INFO - 
2026-01-25 19:42:20,975 - INFO - [346/456] Processing 126_S_0708...
2026-01-25 19:42:30,156 - ERROR -    Error: unsupported format string passed to NoneType.__format__
2026-01-25 19:42:30,156 - INFO - 
2026-01-25 19:42:30,157 - INFO - [347/456] Processing 126_S_0709...
2026-01-25 19:42:40,880 - ERROR -    Error: unsupported format string passed to NoneType.__format__
2026-01-25 19:42:40,881 - INFO - 
2026-01-25 19:42:40,881 - INFO - [348/456] Processing 126_S_0865...
2026-01-25 19:42:51,409 - ERROR -    Error: unsupported format string passed to NoneType.__format__
2026-01-25 19:42:51,410 - INFO - 
2026-01-25 19:42:51,410 - INFO - [349/456] Processing 126_S_1077...
2026-01-25 19:42:58,813 - ERROR -    Error: unsupported format string passed to NoneType.__format__
2026-01-25 19:42:58,813 - INFO - 
2026-01-25 19:42:58,813 - INFO - [350/456] Processing 126_S_1187...
2026-01-25 19:43:09,796 - ERROR -    Error: unsupported format string passed to NoneType.__format__
2026-01-25 19:43:09,813 - INFO - 
   Saved intermediate results to features_all_456_temp_350.csv

2026-01-25 19:43:09,813 - INFO - 
2026-01-25 19:43:09,813 - INFO - [351/456] Processing 126_S_2360...
2026-01-25 19:43:24,310 - ERROR -    Error: unsupported format string passed to NoneType.__format__
2026-01-25 19:43:24,310 - INFO - 
2026-01-25 19:43:24,310 - INFO - [352/456] Processing 126_S_2405...
2026-01-25 19:43:38,377 - ERROR -    Error: unsupported format string passed to NoneType.__format__
2026-01-25 19:43:38,377 - INFO - 
2026-01-25 19:43:38,377 - INFO - [353/456] Processing 126_S_2407...
2026-01-25 19:43:51,209 - ERROR -    Error: unsupported format string passed to NoneType.__format__
2026-01-25 19:43:51,210 - INFO - 
2026-01-25 19:43:51,210 - INFO - [354/456] Processing 126_S_4514...
2026-01-25 19:44:03,208 - ERROR -    Error: unsupported format string passed to NoneType.__format__
2026-01-25 19:44:03,209 - INFO - 
2026-01-25 19:44:03,209 - INFO - [355/456] Processing 126_S_4891...
2026-01-25 19:44:14,722 - ERROR -    Error: unsupported format string passed to NoneType.__format__
2026-01-25 19:44:14,723 - INFO - 
2026-01-25 19:44:14,723 - INFO - [356/456] Processing 126_S_4896...
2026-01-25 19:44:26,739 - ERROR -    Error: unsupported format string passed to NoneType.__format__
2026-01-25 19:44:26,739 - INFO - 
2026-01-25 19:44:26,739 - INFO - [357/456] Processing 126_S_6559...
2026-01-25 19:44:35,337 - ERROR -    Error: unsupported format string passed to NoneType.__format__
2026-01-25 19:44:35,337 - INFO - 
2026-01-25 19:44:35,337 - INFO - [358/456] Processing 127_S_0394...
2026-01-25 19:44:43,645 - ERROR -    Error: unsupported format string passed to NoneType.__format__
2026-01-25 19:44:43,645 - INFO - 
2026-01-25 19:44:43,645 - INFO - [359/456] Processing 127_S_0925...
2026-01-25 19:44:52,670 - ERROR -    Error: unsupported format string passed to NoneType.__format__
2026-01-25 19:44:52,671 - INFO - 
2026-01-25 19:44:52,671 - INFO - [360/456] Processing 127_S_1032...
2026-01-25 19:45:01,840 - ERROR -    Error: unsupported format string passed to NoneType.__format__
2026-01-25 19:45:01,840 - INFO - 
2026-01-25 19:45:01,840 - INFO - [361/456] Processing 127_S_1140...
2026-01-25 19:45:11,535 - ERROR -    Error: unsupported format string passed to NoneType.__format__
2026-01-25 19:45:11,535 - INFO - 
2026-01-25 19:45:11,535 - INFO - [362/456] Processing 127_S_1419...
2026-01-25 19:45:21,480 - ERROR -    Error: unsupported format string passed to NoneType.__format__
2026-01-25 19:45:21,481 - INFO - 
2026-01-25 19:45:21,481 - INFO - [363/456] Processing 127_S_1427...
2026-01-25 19:45:29,212 - ERROR -    Error: unsupported format string passed to NoneType.__format__
2026-01-25 19:45:29,212 - INFO - 
2026-01-25 19:45:29,212 - INFO - [364/456] Processing 127_S_2213...
2026-01-25 19:45:44,905 - ERROR -    Error: unsupported format string passed to NoneType.__format__
2026-01-25 19:45:44,905 - INFO - 
2026-01-25 19:45:44,905 - INFO - [365/456] Processing 127_S_4197...
2026-01-25 19:45:59,814 - ERROR -    Error: unsupported format string passed to NoneType.__format__
2026-01-25 19:45:59,815 - INFO - 
2026-01-25 19:45:59,815 - INFO - [366/456] Processing 127_S_4210...
2026-01-25 19:46:12,331 - ERROR -    Error: unsupported format string passed to NoneType.__format__
2026-01-25 19:46:12,332 - INFO - 
2026-01-25 19:46:12,332 - INFO - [367/456] Processing 127_S_4301...
2026-01-25 19:46:23,320 - ERROR -    Error: unsupported format string passed to NoneType.__format__
2026-01-25 19:46:23,321 - INFO - 
2026-01-25 19:46:23,321 - INFO - [368/456] Processing 127_S_4624...
2026-01-25 19:46:35,376 - ERROR -    Error: unsupported format string passed to NoneType.__format__
2026-01-25 19:46:35,377 - INFO - 
2026-01-25 19:46:35,377 - INFO - [369/456] Processing 127_S_6512...
2026-01-25 19:46:43,027 - ERROR -    Error: unsupported format string passed to NoneType.__format__
2026-01-25 19:46:43,028 - INFO - 
2026-01-25 19:46:43,028 - INFO - [370/456] Processing 128_S_0135...
2026-01-25 19:46:49,227 - ERROR -    Error: unsupported format string passed to NoneType.__format__
2026-01-25 19:46:49,227 - INFO - 
2026-01-25 19:46:49,227 - INFO - [371/456] Processing 128_S_0227...
2026-01-25 19:46:55,506 - ERROR -    Error: unsupported format string passed to NoneType.__format__
2026-01-25 19:46:55,506 - INFO - 
2026-01-25 19:46:55,506 - INFO - [372/456] Processing 128_S_0608...
2026-01-25 19:47:01,481 - ERROR -    Error: unsupported format string passed to NoneType.__format__
2026-01-25 19:47:01,481 - INFO - 
2026-01-25 19:47:01,481 - INFO - [373/456] Processing 128_S_0611...
2026-01-25 19:47:07,364 - ERROR -    Error: unsupported format string passed to NoneType.__format__
2026-01-25 19:47:07,364 - INFO - 
2026-01-25 19:47:07,364 - INFO - [374/456] Processing 128_S_0770...
2026-01-25 19:47:11,908 - ERROR -    Error: unsupported format string passed to NoneType.__format__
2026-01-25 19:47:11,909 - INFO - 
2026-01-25 19:47:11,909 - INFO - [375/456] Processing 128_S_1408...
2026-01-25 19:47:15,559 - ERROR -    Error: unsupported format string passed to NoneType.__format__
2026-01-25 19:47:15,559 - INFO - 
2026-01-25 19:47:15,559 - INFO - [376/456] Processing 128_S_2002...
2026-01-25 19:47:24,608 - ERROR -    Error: unsupported format string passed to NoneType.__format__
2026-01-25 19:47:24,611 - INFO - 
2026-01-25 19:47:24,611 - INFO - [377/456] Processing 128_S_2036...
2026-01-25 19:47:32,561 - ERROR -    Error: unsupported format string passed to NoneType.__format__
2026-01-25 19:47:32,561 - INFO - 
2026-01-25 19:47:32,561 - INFO - [378/456] Processing 128_S_2045...
2026-01-25 19:47:41,287 - ERROR -    Error: unsupported format string passed to NoneType.__format__
2026-01-25 19:47:41,287 - INFO - 
2026-01-25 19:47:41,287 - INFO - [379/456] Processing 128_S_2123...
2026-01-25 19:47:50,989 - ERROR -    Error: unsupported format string passed to NoneType.__format__
2026-01-25 19:47:50,990 - INFO - 
2026-01-25 19:47:50,990 - INFO - [380/456] Processing 128_S_2130...
2026-01-25 19:47:58,762 - ERROR -    Error: unsupported format string passed to NoneType.__format__
2026-01-25 19:47:58,762 - INFO - 
2026-01-25 19:47:58,762 - INFO - [381/456] Processing 128_S_2220...
2026-01-25 19:48:06,666 - ERROR -    Error: unsupported format string passed to NoneType.__format__
2026-01-25 19:48:06,667 - INFO - 
2026-01-25 19:48:06,667 - INFO - [382/456] Processing 128_S_4553...
2026-01-25 19:48:16,371 - ERROR -    Error: unsupported format string passed to NoneType.__format__
2026-01-25 19:48:16,371 - INFO - 
2026-01-25 19:48:16,372 - INFO - [383/456] Processing 128_S_4571...
2026-01-25 19:48:25,744 - ERROR -    Error: unsupported format string passed to NoneType.__format__
2026-01-25 19:48:25,745 - INFO - 
2026-01-25 19:48:25,745 - INFO - [384/456] Processing 128_S_4636...
2026-01-25 19:48:35,151 - ERROR -    Error: unsupported format string passed to NoneType.__format__
2026-01-25 19:48:35,151 - INFO - 
2026-01-25 19:48:35,151 - INFO - [385/456] Processing 128_S_4653...
2026-01-25 19:48:44,463 - ERROR -    Error: unsupported format string passed to NoneType.__format__
2026-01-25 19:48:44,465 - INFO - 
2026-01-25 19:48:44,465 - INFO - [386/456] Processing 128_S_4742...
2026-01-25 19:48:54,603 - ERROR -    Error: unsupported format string passed to NoneType.__format__
2026-01-25 19:48:54,603 - INFO - 
2026-01-25 19:48:54,603 - INFO - [387/456] Processing 128_S_5066...
2026-01-25 19:49:04,288 - ERROR -    Error: unsupported format string passed to NoneType.__format__
2026-01-25 19:49:04,288 - INFO - 
2026-01-25 19:49:04,288 - INFO - [388/456] Processing 129_S_1246...
2026-01-25 19:49:11,835 - ERROR -    Error: unsupported format string passed to NoneType.__format__
2026-01-25 19:49:11,836 - INFO - 
2026-01-25 19:49:11,836 - INFO - [389/456] Processing 129_S_2332...
2026-01-25 19:49:22,123 - ERROR -    Error: unsupported format string passed to NoneType.__format__
2026-01-25 19:49:22,123 - INFO - 
2026-01-25 19:49:22,123 - INFO - [390/456] Processing 129_S_2347...
2026-01-25 19:49:33,573 - ERROR -    Error: unsupported format string passed to NoneType.__format__
2026-01-25 19:49:33,574 - INFO - 
2026-01-25 19:49:33,574 - INFO - [391/456] Processing 129_S_4073...
2026-01-25 19:49:45,787 - ERROR -    Error: unsupported format string passed to NoneType.__format__
2026-01-25 19:49:45,788 - INFO - 
2026-01-25 19:49:45,788 - INFO - [392/456] Processing 129_S_4220...
2026-01-25 19:49:58,021 - ERROR -    Error: unsupported format string passed to NoneType.__format__
2026-01-25 19:49:58,022 - INFO - 
2026-01-25 19:49:58,022 - INFO - [393/456] Processing 129_S_4287...
2026-01-25 19:50:08,771 - ERROR -    Error: unsupported format string passed to NoneType.__format__
2026-01-25 19:50:08,771 - INFO - 
2026-01-25 19:50:08,771 - INFO - [394/456] Processing 130_S_0102...
2026-01-25 19:50:16,982 - ERROR -    Error: unsupported format string passed to NoneType.__format__
2026-01-25 19:50:16,983 - INFO - 
2026-01-25 19:50:16,983 - INFO - [395/456] Processing 130_S_0232...
2026-01-25 19:50:26,531 - ERROR -    Error: unsupported format string passed to NoneType.__format__
2026-01-25 19:50:26,531 - INFO - 
2026-01-25 19:50:26,531 - INFO - [396/456] Processing 130_S_0285...
2026-01-25 19:50:35,361 - ERROR -    Error: unsupported format string passed to NoneType.__format__
2026-01-25 19:50:35,362 - INFO - 
2026-01-25 19:50:35,362 - INFO - [397/456] Processing 130_S_0289...
2026-01-25 19:50:42,401 - ERROR -    Error: unsupported format string passed to NoneType.__format__
2026-01-25 19:50:42,401 - INFO - 
2026-01-25 19:50:42,401 - INFO - [398/456] Processing 130_S_0449...
2026-01-25 19:50:48,381 - ERROR -    Error: unsupported format string passed to NoneType.__format__
2026-01-25 19:50:48,381 - INFO - 
2026-01-25 19:50:48,381 - INFO - [399/456] Processing 130_S_0505...
2026-01-25 19:50:54,994 - ERROR -    Error: unsupported format string passed to NoneType.__format__
2026-01-25 19:50:54,995 - INFO - 
2026-01-25 19:50:54,995 - INFO - [400/456] Processing 130_S_0783...
2026-01-25 19:51:03,197 - ERROR -    Error: unsupported format string passed to NoneType.__format__
2026-01-25 19:51:03,217 - INFO - 
   Saved intermediate results to features_all_456_temp_400.csv

2026-01-25 19:51:03,217 - INFO - 
2026-01-25 19:51:03,217 - INFO - [401/456] Processing 130_S_2373...
2026-01-25 19:51:08,724 - ERROR -    Error: unsupported format string passed to NoneType.__format__
2026-01-25 19:51:08,725 - INFO - 
2026-01-25 19:51:08,725 - INFO - [402/456] Processing 130_S_2391...
2026-01-25 19:51:14,513 - ERROR -    Error: unsupported format string passed to NoneType.__format__
2026-01-25 19:51:14,514 - INFO - 
2026-01-25 19:51:14,514 - INFO - [403/456] Processing 130_S_4294...
2026-01-25 19:51:21,136 - ERROR -    Error: unsupported format string passed to NoneType.__format__
2026-01-25 19:51:21,136 - INFO - 
2026-01-25 19:51:21,136 - INFO - [404/456] Processing 130_S_4817...
2026-01-25 19:51:30,597 - ERROR -    Error: unsupported format string passed to NoneType.__format__
2026-01-25 19:51:30,597 - INFO - 
2026-01-25 19:51:30,597 - INFO - [405/456] Processing 130_S_4883...
2026-01-25 19:51:37,150 - ERROR -    Error: unsupported format string passed to NoneType.__format__
2026-01-25 19:51:37,150 - INFO - 
2026-01-25 19:51:37,150 - INFO - [406/456] Processing 131_S_1389...
2026-01-25 19:51:46,218 - ERROR -    Error: unsupported format string passed to NoneType.__format__
2026-01-25 19:51:46,218 - INFO - 
2026-01-25 19:51:46,218 - INFO - [407/456] Processing 133_S_0638...
2026-01-25 19:51:54,389 - ERROR -    Error: unsupported format string passed to NoneType.__format__
2026-01-25 19:51:54,389 - INFO - 
2026-01-25 19:51:54,389 - INFO - [408/456] Processing 133_S_0771...
2026-01-25 19:52:03,605 - ERROR -    Error: unsupported format string passed to NoneType.__format__
2026-01-25 19:52:03,605 - INFO - 
2026-01-25 19:52:03,605 - INFO - [409/456] Processing 133_S_0792...
2026-01-25 19:52:13,945 - ERROR -    Error: unsupported format string passed to NoneType.__format__
2026-01-25 19:52:13,945 - INFO - 
2026-01-25 19:52:13,945 - INFO - [410/456] Processing 133_S_0912...
2026-01-25 19:52:24,143 - ERROR -    Error: unsupported format string passed to NoneType.__format__
2026-01-25 19:52:24,144 - INFO - 
2026-01-25 19:52:24,145 - INFO - [411/456] Processing 133_S_1031...
2026-01-25 19:52:33,457 - ERROR -    Error: unsupported format string passed to NoneType.__format__
2026-01-25 19:52:33,458 - INFO - 
2026-01-25 19:52:33,458 - INFO - [412/456] Processing 135_S_4281...
2026-01-25 19:52:42,865 - ERROR -    Error: unsupported format string passed to NoneType.__format__
2026-01-25 19:52:42,865 - INFO - 
2026-01-25 19:52:42,865 - INFO - [413/456] Processing 135_S_4309...
2026-01-25 19:52:54,911 - ERROR -    Error: unsupported format string passed to NoneType.__format__
2026-01-25 19:52:54,911 - INFO - 
2026-01-25 19:52:54,911 - INFO - [414/456] Processing 135_S_4356...
2026-01-25 19:53:08,485 - ERROR -    Error: unsupported format string passed to NoneType.__format__
2026-01-25 19:53:08,485 - INFO - 
2026-01-25 19:53:08,485 - INFO - [415/456] Processing 135_S_4489...
2026-01-25 19:53:23,823 - ERROR -    Error: unsupported format string passed to NoneType.__format__
2026-01-25 19:53:23,825 - INFO - 
2026-01-25 19:53:23,825 - INFO - [416/456] Processing 135_S_4722...
2026-01-25 19:53:35,668 - ERROR -    Error: unsupported format string passed to NoneType.__format__
2026-01-25 19:53:35,668 - INFO - 
2026-01-25 19:53:35,668 - INFO - [417/456] Processing 135_S_4723...
2026-01-25 19:53:44,929 - ERROR -    Error: unsupported format string passed to NoneType.__format__
2026-01-25 19:53:44,930 - INFO - 
2026-01-25 19:53:44,930 - INFO - [418/456] Processing 135_S_6110...
2026-01-25 19:53:52,535 - ERROR -    Error: unsupported format string passed to NoneType.__format__
2026-01-25 19:53:52,535 - INFO - 
2026-01-25 19:53:52,536 - INFO - [419/456] Processing 135_S_6446...
2026-01-25 19:54:01,985 - ERROR -    Error: unsupported format string passed to NoneType.__format__
2026-01-25 19:54:01,986 - INFO - 
2026-01-25 19:54:01,986 - INFO - [420/456] Processing 135_S_6544...
2026-01-25 19:54:12,497 - ERROR -    Error: unsupported format string passed to NoneType.__format__
2026-01-25 19:54:12,498 - INFO - 
2026-01-25 19:54:12,499 - INFO - [421/456] Processing 135_S_6586...
2026-01-25 19:54:23,829 - ERROR -    Error: unsupported format string passed to NoneType.__format__
2026-01-25 19:54:23,830 - INFO - 
2026-01-25 19:54:23,830 - INFO - [422/456] Processing 136_S_0107...
2026-01-25 19:54:33,651 - ERROR -    Error: unsupported format string passed to NoneType.__format__
2026-01-25 19:54:33,651 - INFO - 
2026-01-25 19:54:33,651 - INFO - [423/456] Processing 136_S_0195...
2026-01-25 19:54:40,249 - ERROR -    Error: unsupported format string passed to NoneType.__format__
2026-01-25 19:54:40,249 - INFO - 
2026-01-25 19:54:40,249 - INFO - [424/456] Processing 136_S_0429...
2026-01-25 19:54:48,547 - ERROR -    Error: unsupported format string passed to NoneType.__format__
2026-01-25 19:54:48,547 - INFO - 
2026-01-25 19:54:48,547 - INFO - [425/456] Processing 136_S_0695...
2026-01-25 19:54:55,635 - ERROR -    Error: unsupported format string passed to NoneType.__format__
2026-01-25 19:54:55,635 - INFO - 
2026-01-25 19:54:55,635 - INFO - [426/456] Processing 136_S_0873...
2026-01-25 19:55:04,118 - ERROR -    Error: unsupported format string passed to NoneType.__format__
2026-01-25 19:55:04,119 - INFO - 
2026-01-25 19:55:04,119 - INFO - [427/456] Processing 136_S_0874...
2026-01-25 19:55:12,589 - ERROR -    Error: unsupported format string passed to NoneType.__format__
2026-01-25 19:55:12,590 - INFO - 
2026-01-25 19:55:12,590 - INFO - [428/456] Processing 136_S_1227...
2026-01-25 19:55:21,808 - ERROR -    Error: unsupported format string passed to NoneType.__format__
2026-01-25 19:55:21,808 - INFO - 
2026-01-25 19:55:21,808 - INFO - [429/456] Processing 137_S_0158...
2026-01-25 19:55:37,842 - ERROR -    Error: unsupported format string passed to NoneType.__format__
2026-01-25 19:55:37,844 - INFO - 
2026-01-25 19:55:37,844 - INFO - [430/456] Processing 137_S_0481...
2026-01-25 19:55:58,562 - ERROR -    Error: unsupported format string passed to NoneType.__format__
2026-01-25 19:55:58,562 - INFO - 
2026-01-25 19:55:58,562 - INFO - [431/456] Processing 137_S_0631...
2026-01-25 19:56:12,887 - ERROR -    Error: unsupported format string passed to NoneType.__format__
2026-01-25 19:56:12,887 - INFO - 
2026-01-25 19:56:12,887 - INFO - [432/456] Processing 137_S_0668...
2026-01-25 19:56:30,601 - ERROR -    Error: unsupported format string passed to NoneType.__format__
2026-01-25 19:56:30,602 - INFO - 
2026-01-25 19:56:30,602 - INFO - [433/456] Processing 137_S_0800...
2026-01-25 19:56:47,725 - ERROR -    Error: unsupported format string passed to NoneType.__format__
2026-01-25 19:56:47,725 - INFO - 
2026-01-25 19:56:47,725 - INFO - [434/456] Processing 137_S_0973...
2026-01-25 19:57:06,972 - ERROR -    Error: unsupported format string passed to NoneType.__format__
2026-01-25 19:57:06,973 - INFO - 
2026-01-25 19:57:06,973 - INFO - [435/456] Processing 137_S_0994...
2026-01-25 19:57:24,168 - ERROR -    Error: unsupported format string passed to NoneType.__format__
2026-01-25 19:57:24,169 - INFO - 
2026-01-25 19:57:24,169 - INFO - [436/456] Processing 137_S_1414...
2026-01-25 19:57:42,887 - ERROR -    Error: unsupported format string passed to NoneType.__format__
2026-01-25 19:57:42,887 - INFO - 
2026-01-25 19:57:42,887 - INFO - [437/456] Processing 137_S_4299...
2026-01-25 19:57:57,339 - ERROR -    Error: unsupported format string passed to NoneType.__format__
2026-01-25 19:57:57,339 - INFO - 
2026-01-25 19:57:57,339 - INFO - [438/456] Processing 137_S_4331...
2026-01-25 19:58:11,123 - ERROR -    Error: unsupported format string passed to NoneType.__format__
2026-01-25 19:58:11,124 - INFO - 
2026-01-25 19:58:11,124 - INFO - [439/456] Processing 137_S_4536...
2026-01-25 19:58:25,930 - ERROR -    Error: unsupported format string passed to NoneType.__format__
2026-01-25 19:58:25,931 - INFO - 
2026-01-25 19:58:25,931 - INFO - [440/456] Processing 137_S_4631...
2026-01-25 19:58:40,162 - ERROR -    Error: unsupported format string passed to NoneType.__format__
2026-01-25 19:58:40,162 - INFO - 
2026-01-25 19:58:40,162 - INFO - [441/456] Processing 137_S_4678...
2026-01-25 19:58:52,023 - ERROR -    Error: unsupported format string passed to NoneType.__format__
2026-01-25 19:58:52,025 - INFO - 
2026-01-25 19:58:52,025 - INFO - [442/456] Processing 137_S_4862...
2026-01-25 19:59:06,199 - ERROR -    Error: unsupported format string passed to NoneType.__format__
2026-01-25 19:59:06,199 - INFO - 
2026-01-25 19:59:06,199 - INFO - [443/456] Processing 141_S_0697...
2026-01-25 19:59:09,801 - ERROR -    Error: unsupported format string passed to NoneType.__format__
2026-01-25 19:59:09,802 - INFO - 
2026-01-25 19:59:09,802 - INFO - [444/456] Processing 141_S_0717...
2026-01-25 19:59:15,527 - ERROR -    Error: unsupported format string passed to NoneType.__format__
2026-01-25 19:59:15,528 - INFO - 
2026-01-25 19:59:15,528 - INFO - [445/456] Processing 141_S_0851...
2026-01-25 19:59:19,594 - ERROR -    Error: unsupported format string passed to NoneType.__format__
2026-01-25 19:59:19,594 - INFO - 
2026-01-25 19:59:19,594 - INFO - [446/456] Processing 141_S_1052...
2026-01-25 19:59:26,853 - ERROR -    Error: unsupported format string passed to NoneType.__format__
2026-01-25 19:59:26,854 - INFO - 
2026-01-25 19:59:26,854 - INFO - [447/456] Processing 141_S_1255...
2026-01-25 19:59:31,308 - ERROR -    Error: unsupported format string passed to NoneType.__format__
2026-01-25 19:59:31,309 - INFO - 
2026-01-25 19:59:31,309 - INFO - [448/456] Processing 141_S_1378...
2026-01-25 19:59:37,290 - ERROR -    Error: unsupported format string passed to NoneType.__format__
2026-01-25 19:59:37,291 - INFO - 
2026-01-25 19:59:37,291 - INFO - [449/456] Processing 141_S_4426...
2026-01-25 19:59:45,846 - ERROR -    Error: unsupported format string passed to NoneType.__format__
2026-01-25 19:59:45,848 - INFO - 
2026-01-25 19:59:45,848 - INFO - [450/456] Processing 153_S_2109...
2026-01-25 19:59:55,643 - ERROR -    Error: unsupported format string passed to NoneType.__format__
2026-01-25 19:59:55,664 - INFO - 
   Saved intermediate results to features_all_456_temp_450.csv

2026-01-25 19:59:55,664 - INFO - 
2026-01-25 19:59:55,664 - INFO - [451/456] Processing 153_S_2148...
2026-01-25 20:00:04,460 - ERROR -    Error: unsupported format string passed to NoneType.__format__
2026-01-25 20:00:04,461 - INFO - 
2026-01-25 20:00:04,461 - INFO - [452/456] Processing 153_S_4621...
2026-01-25 20:00:13,069 - ERROR -    Error: unsupported format string passed to NoneType.__format__
2026-01-25 20:00:13,070 - INFO - 
2026-01-25 20:00:13,071 - INFO - [453/456] Processing 153_S_4838...
2026-01-25 20:00:22,171 - ERROR -    Error: unsupported format string passed to NoneType.__format__
2026-01-25 20:00:22,171 - INFO - 
2026-01-25 20:00:22,171 - INFO - [454/456] Processing 305_S_6378...
2026-01-25 20:00:31,612 - ERROR -    Error: unsupported format string passed to NoneType.__format__
2026-01-25 20:00:31,613 - INFO - 
2026-01-25 20:00:31,613 - INFO - [455/456] Processing 941_S_1202...
2026-01-25 20:00:38,939 - ERROR -    Error: unsupported format string passed to NoneType.__format__
2026-01-25 20:00:38,939 - INFO - 
2026-01-25 20:00:38,940 - INFO - [456/456] Processing 941_S_4764...
2026-01-25 20:00:49,802 - ERROR -    Error: unsupported format string passed to NoneType.__format__
2026-01-25 20:00:49,802 - INFO - 
2026-01-25 20:00:49,824 - INFO - 
======================================================================
2026-01-25 20:00:49,824 - INFO - PROCESSING COMPLETE
2026-01-25 20:00:49,824 - INFO - ======================================================================
2026-01-25 20:00:49,824 - INFO - Successful: 456/456
2026-01-25 20:00:49,824 - INFO - Failed: 456/456
2026-01-25 20:00:49,824 - INFO - Total features: 74
2026-01-25 20:00:49,824 - INFO - Output file: features_all_456.csv
2026-01-25 20:00:49,824 - INFO - Log file: logs/features_all_456.log
2026-01-25 20:00:49,824 - INFO - Time elapsed: 66.8 minutes
2026-01-25 20:00:49,824 - INFO - Average: 8.8 seconds per subject
2026-01-25 20:00:49,824 - INFO - 
Feature Categories:
2026-01-25 20:00:49,824 - INFO -    Segmentation: 8
2026-01-25 20:00:49,824 - INFO -    QC metrics: 10
2026-01-25 20:00:49,824 - INFO -    Longitudinal: 25
2026-01-25 20:00:49,824 - INFO -    Metadata: 5
2026-01-25 20:00:49,824 - INFO -    Other: 26
2026-01-25 20:00:49,824 - INFO - 
Sample Statistics:
2026-01-25 20:00:49,824 - INFO -    MCI→AD conversions: 96/456 (21.1%)
2026-01-25 20:00:49,824 - INFO -    Mean follow-up: 4.78 years
2026-01-25 20:00:49,825 - INFO -    Mean conversion time: 1.87 years
2026-01-25 20:00:49,825 - INFO - ======================================================================

